c:\work\k519\simulator\freetype\ct_dsc\simulator\re\amanithegl.lib
c:\work\k519\simulator\freetype\ct_dsc\simulator\re\amanithegl.exp
c:\work\k519\simulator\freetype\ct_dsc\simulator\amanithegl\re\vc140.pdb
c:\work\k519\simulator\freetype\ct_dsc\simulator\amanithegl\re\vc140.idb
c:\work\k519\simulator\freetype\ct_dsc\simulator\amanithegl\re\amanithvg.obj
c:\work\k519\simulator\freetype\ct_dsc\simulator\amanithegl\re\dll_loadlibrary.obj
c:\work\k519\simulator\freetype\ct_dsc\simulator\amanithegl\re\egl.obj
c:\work\k519\simulator\freetype\ct_dsc\simulator\amanithegl\re\libovgmng.obj
c:\work\k519\simulator\freetype\ct_dsc\simulator\re\amanithegl.ilk
c:\work\k519\simulator\freetype\ct_dsc\simulator\re\amanithegl.dll
c:\work\k519\simulator\freetype\ct_dsc\simulator\re\amanithegl.pdb
c:\src\ct_dscbase\simulator\amanithegl\re\amanithvg.obj
c:\src\ct_dscbase\simulator\amanithegl\re\dll_loadlibrary.obj
c:\src\ct_dscbase\simulator\amanithegl\re\egl.obj
c:\src\ct_dscbase\simulator\amanithegl\re\libovgmng.obj
c:\src\ct_dscbase\simulator\amanithegl\re\vc140.idb
c:\src\ct_dscbase\simulator\amanithegl\re\vc140.pdb
c:\src\ct_dscbase\simulator\re\amanithegl.pdb
c:\src\ct_dscbase\simulator\re\amanithegl.dll
c:\src\ct_dscbase\simulator\re\amanithegl.ilk
c:\src\ct_dscbase\simulator\amanithegl\re\amanithegl.tlog\amanithegl.write.1u.tlog
c:\src\ct_dscbase\simulator\amanithegl\re\amanithegl.tlog\cl.command.1.tlog
c:\src\ct_dscbase\simulator\amanithegl\re\amanithegl.tlog\cl.read.1.tlog
c:\src\ct_dscbase\simulator\amanithegl\re\amanithegl.tlog\cl.write.1.tlog
c:\src\ct_dscbase\simulator\amanithegl\re\amanithegl.tlog\link.command.1.tlog
c:\src\ct_dscbase\simulator\amanithegl\re\amanithegl.tlog\link.read.1.tlog
c:\src\ct_dscbase\simulator\amanithegl\re\amanithegl.tlog\link.write.1.tlog
