c:\work\k519\simulator\freetype\ct_dsc\simulator\shivavg\release\vc140.pdb
c:\work\k519\simulator\freetype\ct_dsc\simulator\shivavg\release\vxlib.obj
c:\work\k519\simulator\freetype\ct_dsc\simulator\shivavg\release\shvgu.obj
c:\work\k519\simulator\freetype\ct_dsc\simulator\shivavg\release\shvectors.obj
c:\work\k519\simulator\freetype\ct_dsc\simulator\shivavg\release\shpipeline.obj
c:\work\k519\simulator\freetype\ct_dsc\simulator\shivavg\release\shpath.obj
c:\work\k519\simulator\freetype\ct_dsc\simulator\shivavg\release\shparams.obj
c:\work\k519\simulator\freetype\ct_dsc\simulator\shivavg\release\shpaint.obj
c:\work\k519\simulator\freetype\ct_dsc\simulator\shivavg\release\shivavg_mod.obj
c:\work\k519\simulator\freetype\ct_dsc\simulator\shivavg\release\shimage.obj
c:\work\k519\simulator\freetype\ct_dsc\simulator\shivavg\release\shgeometry.obj
c:\work\k519\simulator\freetype\ct_dsc\simulator\shivavg\release\shextensions.obj
c:\work\k519\simulator\freetype\ct_dsc\simulator\shivavg\release\shcontext.obj
c:\work\k519\simulator\freetype\ct_dsc\simulator\shivavg\release\sharrays.obj
c:\work\k519\simulator\freetype\ct_dsc\simulator\shivavg\release\egl.obj
c:\src\ct_dscbase\simulator\shivavg\release\egl.obj
c:\src\ct_dscbase\simulator\shivavg\release\sharrays.obj
c:\src\ct_dscbase\simulator\shivavg\release\shcontext.obj
c:\src\ct_dscbase\simulator\shivavg\release\shextensions.obj
c:\src\ct_dscbase\simulator\shivavg\release\shgeometry.obj
c:\src\ct_dscbase\simulator\shivavg\release\shimage.obj
c:\src\ct_dscbase\simulator\shivavg\release\shivavg_mod.obj
c:\src\ct_dscbase\simulator\shivavg\release\shpaint.obj
c:\src\ct_dscbase\simulator\shivavg\release\shparams.obj
c:\src\ct_dscbase\simulator\shivavg\release\shpath.obj
c:\src\ct_dscbase\simulator\shivavg\release\shpipeline.obj
c:\src\ct_dscbase\simulator\shivavg\release\shvectors.obj
c:\src\ct_dscbase\simulator\shivavg\release\shvgu.obj
c:\src\ct_dscbase\simulator\shivavg\release\vxlib.obj
c:\src\ct_dscbase\simulator\shivavg\release\vc140.pdb
c:\src\ct_dscbase\simulator\shivavg\release\shivavg.tlog\cl.command.1.tlog
c:\src\ct_dscbase\simulator\shivavg\release\shivavg.tlog\cl.read.1.tlog
c:\src\ct_dscbase\simulator\shivavg\release\shivavg.tlog\cl.write.1.tlog
c:\src\ct_dscbase\simulator\shivavg\release\shivavg.tlog\link.command.1.tlog
c:\src\ct_dscbase\simulator\shivavg\release\shivavg.tlog\link.read.1.tlog
c:\src\ct_dscbase\simulator\shivavg\release\shivavg.tlog\link.write.1.tlog
