c:\work\k519\simulator\freetype\ct_dsc\simulator\release_amanithvg\amanithegl.lib
c:\work\k519\simulator\freetype\ct_dsc\simulator\release_amanithvg\amanithegl.exp
c:\work\k519\simulator\freetype\ct_dsc\simulator\amanithegl\release_amanithvg\vc140.pdb
c:\work\k519\simulator\freetype\ct_dsc\simulator\amanithegl\release_amanithvg\libovgmng.obj
c:\work\k519\simulator\freetype\ct_dsc\simulator\amanithegl\release_amanithvg\egl.obj
c:\work\k519\simulator\freetype\ct_dsc\simulator\amanithegl\release_amanithvg\dll_loadlibrary.obj
c:\work\k519\simulator\freetype\ct_dsc\simulator\amanithegl\release_amanithvg\amanithvg.obj
c:\work\k519\simulator\freetype\ct_dsc\simulator\release_amanithvg\amanithegl.dll
c:\work\k519\simulator\freetype\ct_dsc\simulator\release_amanithvg\amanithegl.ipdb
c:\work\k519\simulator\freetype\ct_dsc\simulator\release_amanithvg\amanithegl.iobj
c:\work\k519\simulator\freetype\ct_dsc\simulator\release_amanithvg\amanithegl.pdb
c:\src\ct_dscbase\simulator\amanithegl\release_amanithvg\amanithvg.obj
c:\src\ct_dscbase\simulator\amanithegl\release_amanithvg\dll_loadlibrary.obj
c:\src\ct_dscbase\simulator\amanithegl\release_amanithvg\egl.obj
c:\src\ct_dscbase\simulator\amanithegl\release_amanithvg\libovgmng.obj
c:\src\ct_dscbase\simulator\amanithegl\release_amanithvg\vc140.pdb
c:\src\ct_dscbase\simulator\release_amanithvg\amanithegl.pdb
c:\src\ct_dscbase\simulator\release_amanithvg\amanithegl.dll
c:\src\ct_dscbase\simulator\amanithegl\release_amanithvg\amanithegl.tlog\amanithegl.write.1u.tlog
c:\src\ct_dscbase\simulator\amanithegl\release_amanithvg\amanithegl.tlog\cl.command.1.tlog
c:\src\ct_dscbase\simulator\amanithegl\release_amanithvg\amanithegl.tlog\cl.read.1.tlog
c:\src\ct_dscbase\simulator\amanithegl\release_amanithvg\amanithegl.tlog\cl.write.1.tlog
c:\src\ct_dscbase\simulator\amanithegl\release_amanithvg\amanithegl.tlog\link.command.1.tlog
c:\src\ct_dscbase\simulator\amanithegl\release_amanithvg\amanithegl.tlog\link.read.1.tlog
c:\src\ct_dscbase\simulator\amanithegl\release_amanithvg\amanithegl.tlog\link.write.1.tlog
