c:\work\k519\simulator\freetype\ct_dsc\simulator\simulator\release\simulator.pch
c:\work\k519\simulator\freetype\ct_dsc\simulator\simulator\release\vc140.pdb
c:\work\k519\simulator\freetype\ct_dsc\simulator\simulator\release\stdafx.obj
c:\work\k519\simulator\freetype\ct_dsc\simulator\simulator\release\ctmsgdbgtask.obj
c:\work\k519\simulator\freetype\ct_dsc\simulator\simulator\release\ctmsgdbgcmnd.obj
c:\work\k519\simulator\freetype\ct_dsc\simulator\simulator\release\ctdebugprint.obj
c:\work\k519\simulator\freetype\ct_dsc\simulator\simulator\release\ctaplparam.obj
c:\work\k519\simulator\freetype\ct_dsc\simulator\simulator\release\ctobject.obj
c:\work\k519\simulator\freetype\ct_dsc\simulator\simulator\release\ctmsgmaintask.obj
c:\work\k519\simulator\freetype\ct_dsc\simulator\simulator\release\ctmsgdrawtask.obj
c:\work\k519\simulator\freetype\ct_dsc\simulator\simulator\release\ctmsg.obj
c:\work\k519\simulator\freetype\ct_dsc\simulator\simulator\release\ctmemory.obj
c:\work\k519\simulator\freetype\ct_dsc\simulator\simulator\release\ctlanguage.obj
c:\work\k519\simulator\freetype\ct_dsc\simulator\simulator\release\ctfastobject.obj
c:\work\k519\simulator\freetype\ct_dsc\simulator\simulator\release\aplparammainitemtypefunc.obj
c:\work\k519\simulator\freetype\ct_dsc\simulator\simulator\release\aplparammainexclusionfunck460.obj
c:\work\k519\simulator\freetype\ct_dsc\simulator\simulator\release\aplparammainexclusionfunc.obj
c:\work\k519\simulator\freetype\ct_dsc\simulator\simulator\release\aplparamidstring.obj
c:\work\k519\simulator\freetype\ct_dsc\simulator\simulator\release\aplobserverparamservice.obj
c:\work\k519\simulator\freetype\ct_dsc\simulator\simulator\release\aplobject.obj
c:\work\k519\simulator\freetype\ct_dsc\simulator\simulator\release\assemblyinfo.obj
c:\work\k519\simulator\freetype\ct_dsc\simulator\simulator\release\cttimemesure.obj
c:\work\k519\simulator\freetype\ct_dsc\simulator\simulator\release\aplparamservice.obj
c:\work\k519\simulator\freetype\ct_dsc\simulator\simulator\release\aplparammainvaluecheck.obj
c:\work\k519\simulator\freetype\ct_dsc\simulator\simulator\release\aplparammainitemtypefunck519.obj
c:\work\k519\simulator\freetype\ct_dsc\simulator\simulator\release\aplparammainitemtypefunck460.obj
c:\src\ct_dscbase\simulator\simulator\release\simulator.vcxprojresolveassemblyreference.cache
c:\src\ct_dscbase\simulator\simulator\release\aplobject.obj
c:\src\ct_dscbase\simulator\simulator\release\aplobserverparamservice.obj
c:\src\ct_dscbase\simulator\simulator\release\aplparamidstring.obj
c:\src\ct_dscbase\simulator\simulator\release\aplparammainexclusionfunc.obj
c:\src\ct_dscbase\simulator\simulator\release\aplparammainexclusionfunck460.obj
c:\src\ct_dscbase\simulator\simulator\release\aplparammainitemtypefunc.obj
c:\src\ct_dscbase\simulator\simulator\release\aplparammainitemtypefunck460.obj
c:\src\ct_dscbase\simulator\simulator\release\aplparammainitemtypefunck519.obj
c:\src\ct_dscbase\simulator\simulator\release\aplparammainvaluecheck.obj
c:\src\ct_dscbase\simulator\simulator\release\aplparamservice.obj
c:\src\ct_dscbase\simulator\simulator\release\assemblyinfo.obj
c:\src\ct_dscbase\simulator\simulator\release\ctaplparam.obj
c:\src\ct_dscbase\simulator\simulator\release\ctdebugprint.obj
c:\src\ct_dscbase\simulator\simulator\release\ctfastobject.obj
c:\src\ct_dscbase\simulator\simulator\release\ctlanguage.obj
c:\src\ct_dscbase\simulator\simulator\release\ctmemory.obj
c:\src\ct_dscbase\simulator\simulator\release\ctmsg.obj
c:\src\ct_dscbase\simulator\simulator\release\ctmsgdbgcmnd.obj
c:\src\ct_dscbase\simulator\simulator\release\ctmsgdbgtask.obj
c:\src\ct_dscbase\simulator\simulator\release\ctmsgdrawtask.obj
c:\src\ct_dscbase\simulator\simulator\release\ctmsgmaintask.obj
c:\src\ct_dscbase\simulator\simulator\release\ctobject.obj
c:\src\ct_dscbase\simulator\simulator\release\cttimemesure.obj
c:\src\ct_dscbase\simulator\simulator\release\stdafx.obj
c:\src\ct_dscbase\simulator\simulator\release\simulator.pch
c:\src\ct_dscbase\simulator\simulator\release\vc140.pdb
c:\src\ct_dscbase\simulator\simulator\release\simulator.tlog\cl.command.1.tlog
c:\src\ct_dscbase\simulator\simulator\release\simulator.tlog\cl.read.1.tlog
c:\src\ct_dscbase\simulator\simulator\release\simulator.tlog\cl.write.1.tlog
c:\src\ct_dscbase\simulator\simulator\release\simulator.tlog\metagen.write.1.tlog
