c:\work\k519\simulator\freetype\ct_dsc\simulator\simulator\re\simulator.pch
c:\work\k519\simulator\freetype\ct_dsc\simulator\simulator\re\vc140.pdb
c:\work\k519\simulator\freetype\ct_dsc\simulator\simulator\re\stdafx.obj
c:\work\k519\simulator\freetype\ct_dsc\simulator\simulator\re\cthlayout.obj
c:\work\k519\simulator\freetype\ct_dsc\simulator\simulator\re\ctgridview.obj
c:\work\k519\simulator\freetype\ct_dsc\simulator\simulator\re\ctgridlayout.obj
c:\work\k519\simulator\freetype\ct_dsc\simulator\simulator\re\cteventhandler.obj
c:\work\k519\simulator\freetype\ct_dsc\simulator\simulator\re\ctdrawinfo.obj
c:\work\k519\simulator\freetype\ct_dsc\simulator\simulator\re\ctcontainer.obj
c:\work\k519\simulator\freetype\ct_dsc\simulator\simulator\re\ctcolor.obj
c:\work\k519\simulator\freetype\ct_dsc\simulator\simulator\re\ctbutton.obj
c:\work\k519\simulator\freetype\ct_dsc\simulator\simulator\re\ct2listview.obj
c:\work\k519\simulator\freetype\ct_dsc\simulator\simulator\re\ctmsgdbgtask.obj
c:\work\k519\simulator\freetype\ct_dsc\simulator\simulator\re\ctmsgdbgcmnd.obj
c:\work\k519\simulator\freetype\ct_dsc\simulator\simulator\re\ctdbgwindfuncregister.obj
c:\work\k519\simulator\freetype\ct_dsc\simulator\simulator\re\ctdbgwidgettree.obj
c:\work\k519\simulator\freetype\ct_dsc\simulator\simulator\re\ctdbgvarietyfunc.obj
c:\work\k519\simulator\freetype\ct_dsc\simulator\simulator\re\ctdbgthumbnailfunc.obj
c:\work\k519\simulator\freetype\ct_dsc\simulator\simulator\re\ctdbgtask.obj
c:\work\k519\simulator\freetype\ct_dsc\simulator\simulator\re\ctdbgcmndreceiver.obj
c:\work\k519\simulator\freetype\ct_dsc\simulator\simulator\re\ctdbgcmndadapter.obj
c:\work\k519\simulator\freetype\ct_dsc\simulator\simulator\re\ctdbgclipmanager.obj
c:\work\k519\simulator\freetype\ct_dsc\simulator\simulator\re\ctdebugprint.obj
c:\work\k519\simulator\freetype\ct_dsc\simulator\simulator\re\ctwindow.obj
c:\work\k519\simulator\freetype\ct_dsc\simulator\simulator\re\ctwidget.obj
c:\work\k519\simulator\freetype\ct_dsc\simulator\simulator\re\ctvlayout.obj
c:\work\k519\simulator\freetype\ct_dsc\simulator\simulator\re\cttogglebutton.obj
c:\work\k519\simulator\freetype\ct_dsc\simulator\simulator\re\cttextfield.obj
c:\work\k519\simulator\freetype\ct_dsc\simulator\simulator\re\ctstyle.obj
c:\work\k519\simulator\freetype\ct_dsc\simulator\simulator\re\ctstacklabel.obj
c:\work\k519\simulator\freetype\ct_dsc\simulator\simulator\re\ctslidelabel.obj
c:\work\k519\simulator\freetype\ct_dsc\simulator\simulator\re\ctscrollbar.obj
c:\work\k519\simulator\freetype\ct_dsc\simulator\simulator\re\ctparamlabel.obj
c:\work\k519\simulator\freetype\ct_dsc\simulator\simulator\re\ctparamicon.obj
c:\work\k519\simulator\freetype\ct_dsc\simulator\simulator\re\ctparamcontents.obj
c:\work\k519\simulator\freetype\ct_dsc\simulator\simulator\re\ctparambox.obj
c:\work\k519\simulator\freetype\ct_dsc\simulator\simulator\re\ctmenulistview.obj
c:\work\k519\simulator\freetype\ct_dsc\simulator\simulator\re\ctmenucheckbutton.obj
c:\work\k519\simulator\freetype\ct_dsc\simulator\simulator\re\ctmenubutton.obj
c:\work\k519\simulator\freetype\ct_dsc\simulator\simulator\re\ctlistview.obj
c:\work\k519\simulator\freetype\ct_dsc\simulator\simulator\re\ctlinkbutton.obj
c:\work\k519\simulator\freetype\ct_dsc\simulator\simulator\re\ctlayout.obj
c:\work\k519\simulator\freetype\ct_dsc\simulator\simulator\re\ctlabel.obj
c:\work\k519\simulator\freetype\ct_dsc\simulator\simulator\re\ctfuncidstring.obj
c:\work\k519\simulator\freetype\ct_dsc\simulator\simulator\re\ctwidgetindicateframe.obj
c:\work\k519\simulator\freetype\ct_dsc\simulator\simulator\re\ctviewplaymessage.obj
c:\work\k519\simulator\freetype\ct_dsc\simulator\simulator\re\ctfastcontainertimecode.obj
c:\work\k519\simulator\freetype\ct_dsc\simulator\simulator\re\ctfastcontaineraudiolevel_view.obj
c:\work\k519\simulator\freetype\ct_dsc\simulator\simulator\re\ctfastcontaineraudiolevel_home.obj
c:\work\k519\simulator\freetype\ct_dsc\simulator\simulator\re\ctfastcontaineraudiolevel.obj
c:\work\k519\simulator\freetype\ct_dsc\simulator\simulator\re\ctcontainerwifi.obj
c:\work\k519\simulator\freetype\ct_dsc\simulator\simulator\re\ctcontainerindicateframe.obj
c:\work\k519\simulator\freetype\ct_dsc\simulator\simulator\re\ctcontainerctrlbutton.obj
c:\work\k519\simulator\freetype\ct_dsc\simulator\simulator\re\ctcontainercom.obj
c:\work\k519\simulator\freetype\ct_dsc\simulator\simulator\re\ctcontainercard2.obj
c:\work\k519\simulator\freetype\ct_dsc\simulator\simulator\re\ctcontainercard1.obj
c:\work\k519\simulator\freetype\ct_dsc\simulator\simulator\re\ctcontainercard.obj
c:\work\k519\simulator\freetype\ct_dsc\simulator\simulator\re\ctcontainerbattery.obj
c:\work\k519\simulator\freetype\ct_dsc\simulator\simulator\re\ctwindowcontentsareasettingconfirm.obj
c:\work\k519\simulator\freetype\ct_dsc\simulator\simulator\re\ctareasettingconfirm.obj
c:\work\k519\simulator\freetype\ct_dsc\simulator\simulator\re\ctareasetting.obj
c:\work\k519\simulator\freetype\ct_dsc\simulator\simulator\re\ctwindowmain.obj
c:\work\k519\simulator\freetype\ct_dsc\simulator\simulator\re\ctwindowcontents.obj
c:\work\k519\simulator\freetype\ct_dsc\simulator\simulator\re\ctcontainerfile.obj
c:\work\k519\simulator\freetype\ct_dsc\simulator\simulator\re\ctwindow_fact_distination.obj
c:\work\k519\simulator\freetype\ct_dsc\simulator\simulator\re\ctwindowcontentsinitialresult.obj
c:\work\k519\simulator\freetype\ct_dsc\simulator\simulator\re\ctwindowcontentsfacttouchadjust.obj
c:\work\k519\simulator\freetype\ct_dsc\simulator\simulator\re\ctwindowcontentsfactkey.obj
c:\work\k519\simulator\freetype\ct_dsc\simulator\simulator\re\ctwindowcontentsfacthourmeter.obj
c:\work\k519\simulator\freetype\ct_dsc\simulator\simulator\re\ctwindowcontentsfactdistination.obj
c:\work\k519\simulator\freetype\ct_dsc\simulator\simulator\re\ctwindowcontentsdistresultinfo.obj
c:\work\k519\simulator\freetype\ct_dsc\simulator\simulator\re\ctwindowcontentsdispmessage.obj
c:\work\k519\simulator\freetype\ct_dsc\simulator\simulator\re\ctfactwindowkeytest.obj
c:\work\k519\simulator\freetype\ct_dsc\simulator\simulator\re\ctfactwindowinitialresult.obj
c:\work\k519\simulator\freetype\ct_dsc\simulator\simulator\re\ctfactwindowhourmeter.obj
c:\work\k519\simulator\freetype\ct_dsc\simulator\simulator\re\ctfactwindowfactory.obj
c:\work\k519\simulator\freetype\ct_dsc\simulator\simulator\re\ctfactwindowdistresult.obj
c:\work\k519\simulator\freetype\ct_dsc\simulator\simulator\re\ctfactwindowdispmessage.obj
c:\work\k519\simulator\freetype\ct_dsc\simulator\simulator\re\ctfactwindowdialog.obj
c:\work\k519\simulator\freetype\ct_dsc\simulator\simulator\re\ctfactkeytestlabel.obj
c:\work\k519\simulator\freetype\ct_dsc\simulator\simulator\re\ctcontainerfactdistination.obj
c:\work\k519\simulator\freetype\ct_dsc\simulator\simulator\re\ctwindowidstring.obj
c:\work\k519\simulator\freetype\ct_dsc\simulator\simulator\re\ctwindowfactory.obj
c:\work\k519\simulator\freetype\ct_dsc\simulator\simulator\re\ctcontainerspeciallabel.obj
c:\work\k519\simulator\freetype\ct_dsc\simulator\simulator\re\ctcontainermenutitle.obj
c:\work\k519\simulator\freetype\ct_dsc\simulator\simulator\re\ctcontainermenu.obj
c:\work\k519\simulator\freetype\ct_dsc\simulator\simulator\re\ctwindow_keyboard.obj
c:\work\k519\simulator\freetype\ct_dsc\simulator\simulator\re\ctkeyboardinfo.obj
c:\work\k519\simulator\freetype\ct_dsc\simulator\simulator\re\ctcontainerkeyboard.obj
c:\work\k519\simulator\freetype\ct_dsc\simulator\simulator\re\ctbuilderkeyboard.obj
c:\work\k519\simulator\freetype\ct_dsc\simulator\simulator\re\ctwindowhome_wbtop.obj
c:\work\k519\simulator\freetype\ct_dsc\simulator\simulator\re\ctwindowhome_shuttertop.obj
c:\work\k519\simulator\freetype\ct_dsc\simulator\simulator\re\ctwindowhome_fpstop.obj
c:\work\k519\simulator\freetype\ct_dsc\simulator\simulator\re\ctwindowhome_eitop.obj
c:\work\k519\simulator\freetype\ct_dsc\simulator\simulator\re\ctwindowhome_colortop.obj
c:\work\k519\simulator\freetype\ct_dsc\simulator\simulator\re\ctwindowhome_audiotop.obj
c:\work\k519\simulator\freetype\ct_dsc\simulator\simulator\re\ctwindowhome.obj
c:\work\k519\simulator\freetype\ct_dsc\simulator\simulator\re\ctfastdrawcontainertcgwarning.obj
c:\work\k519\simulator\freetype\ct_dsc\simulator\simulator\re\ctwindow_scenelist.obj
c:\work\k519\simulator\freetype\ct_dsc\simulator\simulator\re\ctwindow_file.obj
c:\work\k519\simulator\freetype\ct_dsc\simulator\simulator\re\ctwindowcontentsselectsceneinfo.obj
c:\work\k519\simulator\freetype\ct_dsc\simulator\simulator\re\ctwindowcontentsfileinfo.obj
c:\work\k519\simulator\freetype\ct_dsc\simulator\simulator\re\ctfileinfo.obj
c:\work\k519\simulator\freetype\ct_dsc\simulator\simulator\re\ctwindowcontentspresslevel.obj
c:\work\k519\simulator\freetype\ct_dsc\simulator\simulator\re\ctmenuinfospinbox.obj
c:\work\k519\simulator\freetype\ct_dsc\simulator\simulator\re\ctcontainerspinboxspecial.obj
c:\work\k519\simulator\freetype\ct_dsc\simulator\simulator\re\ctcontainerspinboxfanc.obj
c:\work\k519\simulator\freetype\ct_dsc\simulator\simulator\re\ctcontainerspinbox.obj
c:\work\k519\simulator\freetype\ct_dsc\simulator\simulator\re\ctcontainerlevelbar.obj
c:\work\k519\simulator\freetype\ct_dsc\simulator\simulator\re\ctwindowupdatecomplete.obj
c:\work\k519\simulator\freetype\ct_dsc\simulator\simulator\re\ctwindow2listmenu.obj
c:\work\k519\simulator\freetype\ct_dsc\simulator\simulator\re\ctcontainer2listmenu.obj
c:\work\k519\simulator\freetype\ct_dsc\simulator\simulator\re\ctwindow_dialog.obj
c:\work\k519\simulator\freetype\ct_dsc\simulator\simulator\re\ctwindowcontentsversiondisp.obj
c:\work\k519\simulator\freetype\ct_dsc\simulator\simulator\re\ctmenuinfodialog.obj
c:\work\k519\simulator\freetype\ct_dsc\simulator\simulator\re\ctcontainerdialog.obj
c:\work\k519\simulator\freetype\ct_dsc\simulator\simulator\re\ctbuilderdialog.obj
c:\work\k519\simulator\freetype\ct_dsc\simulator\simulator\re\ctwindowmenu.obj
c:\work\k519\simulator\freetype\ct_dsc\simulator\simulator\re\ctwindowcontentsmenupos.obj
c:\work\k519\simulator\freetype\ct_dsc\simulator\simulator\re\ctmenuwindowfactory.obj
c:\work\k519\simulator\freetype\ct_dsc\simulator\simulator\re\ctmenuinfo.obj
c:\work\k519\simulator\freetype\ct_dsc\simulator\simulator\re\ctmenubuilder.obj
c:\work\k519\simulator\freetype\ct_dsc\simulator\simulator\re\ctcontainervariablemenulist.obj
c:\work\k519\simulator\freetype\ct_dsc\simulator\simulator\re\ctwindowcontentsnetworkinformation.obj
c:\work\k519\simulator\freetype\ct_dsc\simulator\simulator\re\ctwindowcontentsapinfo.obj
c:\work\k519\simulator\freetype\ct_dsc\simulator\simulator\re\ctcontainernetworkuser.obj
c:\work\k519\simulator\freetype\ct_dsc\simulator\simulator\re\ctcontainernetwork.obj
c:\work\k519\simulator\freetype\ct_dsc\simulator\simulator\re\ctwindow_message.obj
c:\work\k519\simulator\freetype\ct_dsc\simulator\simulator\re\ctwindow_common_message.obj
c:\work\k519\simulator\freetype\ct_dsc\simulator\simulator\re\ctwindowcontentswizardmessage.obj
c:\work\k519\simulator\freetype\ct_dsc\simulator\simulator\re\ctwindowcontentsmessage.obj
c:\work\k519\simulator\freetype\ct_dsc\simulator\simulator\re\ctwindowcontentsdialogparamset.obj
c:\work\k519\simulator\freetype\ct_dsc\simulator\simulator\re\ctmessagewindowfactory.obj
c:\work\k519\simulator\freetype\ct_dsc\simulator\simulator\re\ctmessageinfo.obj
c:\work\k519\simulator\freetype\ct_dsc\simulator\simulator\re\ctcontainermessage.obj
c:\work\k519\simulator\freetype\ct_dsc\simulator\simulator\re\ctwindow_toggledialog.obj
c:\work\k519\simulator\freetype\ct_dsc\simulator\simulator\re\ctmenuinfotoggledialog.obj
c:\work\k519\simulator\freetype\ct_dsc\simulator\simulator\re\ctcontainertoggledialog_ub.obj
c:\work\k519\simulator\freetype\ct_dsc\simulator\simulator\re\ctcontainertoggledialog_timezonesetting.obj
c:\work\k519\simulator\freetype\ct_dsc\simulator\simulator\re\ctcontainertoggledialog_tc.obj
c:\work\k519\simulator\freetype\ct_dsc\simulator\simulator\re\ctcontainertoggledialog_clocksetting.obj
c:\work\k519\simulator\freetype\ct_dsc\simulator\simulator\re\ctcontainertoggledialog.obj
c:\work\k519\simulator\freetype\ct_dsc\simulator\simulator\re\ctwindow_spinbox.obj
c:\work\k519\simulator\freetype\ct_dsc\simulator\simulator\re\ctmodecheckaudio.obj
c:\work\k519\simulator\freetype\ct_dsc\simulator\simulator\re\ctmmllayout.obj
c:\work\k519\simulator\freetype\ct_dsc\simulator\simulator\re\cticmanager.obj
c:\work\k519\simulator\freetype\ct_dsc\simulator\simulator\re\ctfastdrawcontainerzoom.obj
c:\work\k519\simulator\freetype\ct_dsc\simulator\simulator\re\ctfastdrawcontainerspotmeterval.obj
c:\work\k519\simulator\freetype\ct_dsc\simulator\simulator\re\ctfastdrawcontaineriris.obj
c:\work\k519\simulator\freetype\ct_dsc\simulator\simulator\re\ctfastdrawcontainerfocus.obj
c:\work\k519\simulator\freetype\ct_dsc\simulator\simulator\re\ctfastcontainerlevelgauger.obj
c:\work\k519\simulator\freetype\ct_dsc\simulator\simulator\re\ctfastcontainerlevelgaugel.obj
c:\work\k519\simulator\freetype\ct_dsc\simulator\simulator\re\ctfastcontainerlevelgauge.obj
c:\work\k519\simulator\freetype\ct_dsc\simulator\simulator\re\ctctnrdatetime.obj
c:\work\k519\simulator\freetype\ct_dsc\simulator\simulator\re\ctcontainermml.obj
c:\work\k519\simulator\freetype\ct_dsc\simulator\simulator\re\ctwindowcontentsplaycontrolstate.obj
c:\work\k519\simulator\freetype\ct_dsc\simulator\simulator\re\ctplayview.obj
c:\work\k519\simulator\freetype\ct_dsc\simulator\simulator\re\ctcontainerplayviewprogress.obj
c:\work\k519\simulator\freetype\ct_dsc\simulator\simulator\re\ctcontainerbuttongroup.obj
c:\work\k519\simulator\freetype\ct_dsc\simulator\simulator\re\ctwindow_network_user.obj
c:\work\k519\simulator\freetype\ct_dsc\simulator\simulator\re\ctwindow_network_info.obj
c:\work\k519\simulator\freetype\ct_dsc\simulator\simulator\re\ctwindow_network.obj
c:\work\k519\simulator\freetype\ct_dsc\simulator\simulator\re\ctwindowcontentsuserinfo.obj
c:\work\k519\simulator\freetype\ct_dsc\simulator\simulator\re\ctwindow_006.obj
c:\work\k519\simulator\freetype\ct_dsc\simulator\simulator\re\ctwindow_005.obj
c:\work\k519\simulator\freetype\ct_dsc\simulator\simulator\re\ctwindow_004.obj
c:\work\k519\simulator\freetype\ct_dsc\simulator\simulator\re\ctwindow_003.obj
c:\work\k519\simulator\freetype\ct_dsc\simulator\simulator\re\ctwindow_002.obj
c:\work\k519\simulator\freetype\ct_dsc\simulator\simulator\re\ctwindow_001.obj
c:\work\k519\simulator\freetype\ct_dsc\simulator\simulator\re\ctlistcontainer.obj
c:\work\k519\simulator\freetype\ct_dsc\simulator\simulator\re\ctkeyboad.obj
c:\work\k519\simulator\freetype\ct_dsc\simulator\simulator\re\ctfastcounter.obj
c:\work\k519\simulator\freetype\ct_dsc\simulator\simulator\re\ctcontainertimestamp.obj
c:\work\k519\simulator\freetype\ct_dsc\simulator\simulator\re\ctrecviewmodecheck.obj
c:\work\k519\simulator\freetype\ct_dsc\simulator\simulator\re\ctrecviewcontainer.obj
c:\work\k519\simulator\freetype\ct_dsc\simulator\simulator\re\ctrecview2.obj
c:\work\k519\simulator\freetype\ct_dsc\simulator\simulator\re\ctrectouchnavi.obj
c:\work\k519\simulator\freetype\ct_dsc\simulator\simulator\re\ctreccontainerexpand.obj
c:\work\k519\simulator\freetype\ct_dsc\simulator\simulator\re\ctparameterconvif.obj
c:\work\k519\simulator\freetype\ct_dsc\simulator\simulator\re\ctmodecheckswitch.obj
c:\work\k519\simulator\freetype\ct_dsc\simulator\simulator\re\ctmodecheckstatus.obj
c:\work\k519\simulator\freetype\ct_dsc\simulator\simulator\re\ctmodechecknetwork.obj
c:\work\k519\simulator\freetype\ct_dsc\simulator\simulator\re\ctmodecheckfunction.obj
c:\work\k519\simulator\freetype\ct_dsc\simulator\simulator\re\ctaplparam.obj
c:\work\k519\simulator\freetype\ct_dsc\simulator\simulator\re\ctwindowthumbnail.obj
c:\work\k519\simulator\freetype\ct_dsc\simulator\simulator\re\ctwindowcontentsthumbinit.obj
c:\work\k519\simulator\freetype\ct_dsc\simulator\simulator\re\ctwindowcontentsthumbconfirm.obj
c:\work\k519\simulator\freetype\ct_dsc\simulator\simulator\re\ctwindowcontentsthumb.obj
c:\work\k519\simulator\freetype\ct_dsc\simulator\simulator\re\ctwindowcontentsselectclipinfo.obj
c:\work\k519\simulator\freetype\ct_dsc\simulator\simulator\re\ctwindowcontentsdrawthumb.obj
c:\work\k519\simulator\freetype\ct_dsc\simulator\simulator\re\ctwindowcontentsclipinfo.obj
c:\work\k519\simulator\freetype\ct_dsc\simulator\simulator\re\ctwindowclipinfomation.obj
c:\work\k519\simulator\freetype\ct_dsc\simulator\simulator\re\ctthumbnaildialog_complete.obj
c:\work\k519\simulator\freetype\ct_dsc\simulator\simulator\re\ctthumbnaildialogdelandcopy.obj
c:\work\k519\simulator\freetype\ct_dsc\simulator\simulator\re\ctthumbnaildialogconfirm.obj
c:\work\k519\simulator\freetype\ct_dsc\simulator\simulator\re\ctthumbinfo.obj
c:\work\k519\simulator\freetype\ct_dsc\simulator\simulator\re\ctthumbgridview.obj
c:\work\k519\simulator\freetype\ct_dsc\simulator\simulator\re\ctthumbcache.obj
c:\work\k519\simulator\freetype\ct_dsc\simulator\simulator\re\ctthumbbutton.obj
c:\work\k519\simulator\freetype\ct_dsc\simulator\simulator\re\ctcontainerthumbnailtitlebar.obj
c:\work\k519\simulator\freetype\ct_dsc\simulator\simulator\re\ctworkwindowfactory.obj
c:\work\k519\simulator\freetype\ct_dsc\simulator\simulator\re\ctwindow_008.obj
c:\work\k519\simulator\freetype\ct_dsc\simulator\simulator\re\ctwindow_007.obj
c:\work\k519\simulator\freetype\ct_dsc\simulator\simulator\re\ctsynchro.obj
c:\work\k519\simulator\freetype\ct_dsc\simulator\simulator\re\ctobserverparamservice.obj
c:\work\k519\simulator\freetype\ct_dsc\simulator\simulator\re\ctobject.obj
c:\work\k519\simulator\freetype\ct_dsc\simulator\simulator\re\ctmsgmaintask.obj
c:\work\k519\simulator\freetype\ct_dsc\simulator\simulator\re\ctmsgdrawtask.obj
c:\work\k519\simulator\freetype\ct_dsc\simulator\simulator\re\ctmsg.obj
c:\work\k519\simulator\freetype\ct_dsc\simulator\simulator\re\ctmpldbg.obj
c:\work\k519\simulator\freetype\ct_dsc\simulator\simulator\re\ctmemory.obj
c:\work\k519\simulator\freetype\ct_dsc\simulator\simulator\re\ctmaintask.obj
c:\work\k519\simulator\freetype\ct_dsc\simulator\simulator\re\ctlanguage.obj
c:\work\k519\simulator\freetype\ct_dsc\simulator\simulator\re\ctkeytimer.obj
c:\work\k519\simulator\freetype\ct_dsc\simulator\simulator\re\ctinterface.obj
c:\work\k519\simulator\freetype\ct_dsc\simulator\simulator\re\ctflash.obj
c:\work\k519\simulator\freetype\ct_dsc\simulator\simulator\re\ctfastobject.obj
c:\work\k519\simulator\freetype\ct_dsc\simulator\simulator\re\cteventinterface.obj
c:\work\k519\simulator\freetype\ct_dsc\simulator\simulator\re\ctevent.obj
c:\work\k519\simulator\freetype\ct_dsc\simulator\simulator\re\ctdrawtask.obj
c:\work\k519\simulator\freetype\ct_dsc\simulator\simulator\re\ctdrawcache.obj
c:\work\k519\simulator\freetype\ct_dsc\simulator\simulator\re\ctdraw.obj
c:\work\k519\simulator\freetype\ct_dsc\simulator\simulator\re\ctcachecontrol.obj
c:\work\k519\simulator\freetype\ct_dsc\simulator\simulator\re\aplparammainexclusionfunck460.obj
c:\work\k519\simulator\freetype\ct_dsc\simulator\simulator\re\aplparammainexclusionfunc.obj
c:\work\k519\simulator\freetype\ct_dsc\simulator\simulator\re\aplparamidstring.obj
c:\work\k519\simulator\freetype\ct_dsc\simulator\simulator\re\aplobserverparamservice.obj
c:\work\k519\simulator\freetype\ct_dsc\simulator\simulator\re\aplobject.obj
c:\work\k519\simulator\freetype\ct_dsc\simulator\simulator\re\simulator.obj
c:\work\k519\simulator\freetype\ct_dsc\simulator\simulator\re\logo.obj
c:\work\k519\simulator\freetype\ct_dsc\simulator\simulator\re\assemblyinfo.obj
c:\work\k519\simulator\freetype\ct_dsc\simulator\simulator\re\gui_timestamp_task.obj
c:\work\k519\simulator\freetype\ct_dsc\simulator\simulator\re\gui_timestamp_api.obj
c:\work\k519\simulator\freetype\ct_dsc\simulator\simulator\re\cttimestamp.obj
c:\work\k519\simulator\freetype\ct_dsc\simulator\simulator\re\string_api.obj
c:\work\k519\simulator\freetype\ct_dsc\simulator\simulator\re\language_string.obj
c:\work\k519\simulator\freetype\ct_dsc\simulator\simulator\re\ctwindowlist.obj
c:\work\k519\simulator\freetype\ct_dsc\simulator\simulator\re\ctwindowdecorate.obj
c:\work\k519\simulator\freetype\ct_dsc\simulator\simulator\re\ctwindowcontroller.obj
c:\work\k519\simulator\freetype\ct_dsc\simulator\simulator\re\cttsinterface.obj
c:\work\k519\simulator\freetype\ct_dsc\simulator\simulator\re\cttimer.obj
c:\work\k519\simulator\freetype\ct_dsc\simulator\simulator\re\cttimemesure.obj
c:\work\k519\simulator\freetype\ct_dsc\simulator\simulator\re\ctsyseventtranslator.obj
c:\work\k519\simulator\freetype\ct_dsc\simulator\simulator\re\wrapper.obj
c:\work\k519\simulator\freetype\ct_dsc\simulator\simulator\re\windrawtask.obj
c:\work\k519\simulator\freetype\ct_dsc\simulator\simulator\re\ctlogplayer.obj
c:\work\k519\simulator\freetype\ct_dsc\simulator\simulator\re\ctcmdline.obj
c:\work\k519\simulator\freetype\ct_dsc\simulator\simulator\re\aplparamservice.obj
c:\work\k519\simulator\freetype\ct_dsc\simulator\simulator\re\aplparammainvaluecheck.obj
c:\work\k519\simulator\freetype\ct_dsc\simulator\simulator\re\aplparammainitemtypefunck519.obj
c:\work\k519\simulator\freetype\ct_dsc\simulator\simulator\re\aplparammainitemtypefunck460.obj
c:\work\k519\simulator\freetype\ct_dsc\simulator\simulator\re\aplparammainitemtypefunc.obj
c:\work\k519\simulator\freetype\ct_dsc\simulator\simulator\re\dcwhebrew.obj
c:\work\k519\simulator\freetype\ct_dsc\simulator\simulator\re\dcwdevanagari.obj
c:\work\k519\simulator\freetype\ct_dsc\simulator\simulator\re\dcwcache.obj
c:\work\k519\simulator\freetype\ct_dsc\simulator\simulator\re\dcwbidimirroring.obj
c:\work\k519\simulator\freetype\ct_dsc\simulator\simulator\re\dcwbidiclassdata.obj
c:\work\k519\simulator\freetype\ct_dsc\simulator\simulator\re\dcwbidi.obj
c:\work\k519\simulator\freetype\ct_dsc\simulator\simulator\re\dcwarabic.obj
c:\work\k519\simulator\freetype\ct_dsc\simulator\simulator\re\dcw.obj
c:\work\k519\simulator\freetype\ct_dsc\simulator\simulator\re\ucs-cns-pud_w4_symbol_mix.obj
c:\work\k519\simulator\freetype\ct_dsc\simulator\simulator\re\ucs-cns-iwata-latin-part.obj
c:\work\k519\simulator\freetype\ct_dsc\simulator\simulator\re\ucs-cns-ascii500_sample.obj
c:\work\k519\simulator\freetype\ct_dsc\simulator\simulator\re\dcwiconfont.obj
c:\work\k519\simulator\freetype\ct_dsc\simulator\simulator\re\ucs-jis-hei-w4.obj
c:\work\k519\simulator\freetype\ct_dsc\simulator\simulator\re\ucs-hangul-hei-w4-part.obj
c:\work\k519\simulator\freetype\ct_dsc\simulator\simulator\re\ucs-gb-hei-w4-part.obj
c:\work\k519\simulator\freetype\ct_dsc\simulator\simulator\re\ucs-cns-thai.obj
c:\work\k519\simulator\freetype\ct_dsc\simulator\simulator\re\ucs-cns-hindi.obj
c:\work\k519\simulator\freetype\ct_dsc\simulator\simulator\re\ucs-cns-arabic.obj
c:\work\k519\simulator\freetype\ct_dsc\simulator\simulator\re\ucs-big5-hei-w4-part.obj
c:\work\k519\simulator\freetype\ct_dsc\simulator\simulator\re\bdf_raster.obj
c:\work\k519\simulator\freetype\ct_dsc\simulator\simulator\re\ovgdcwfdlraster.obj
c:\work\k519\simulator\freetype\ct_dsc\simulator\simulator\re\ovgdcw.obj
c:\work\k519\simulator\freetype\ct_dsc\simulator\simulator\re\indic_find_syllable.obj
c:\work\k519\simulator\freetype\ct_dsc\simulator\simulator\re\indic_common.obj
c:\work\k519\simulator\freetype\ct_dsc\simulator\simulator\re\dtversion.obj
c:\work\k519\simulator\freetype\ct_dsc\simulator\simulator\re\dtplatform.obj
c:\work\k519\simulator\freetype\ct_dsc\simulator\simulator\re\dtmemory.obj
c:\work\k519\simulator\freetype\ct_dsc\simulator\simulator\re\dtmanager.obj
c:\work\k519\simulator\freetype\ct_dsc\simulator\simulator\re\dtdigitype.obj
c:\work\k519\simulator\freetype\ct_dsc\simulator\simulator\re\digitype_std.obj
c:\work\k519\simulator\freetype\ct_dsc\simulator\simulator\re\digitype_oul.obj
c:\work\k519\simulator\freetype\ct_dsc\simulator\simulator\re\dif_raster.obj
c:\work\k519\simulator\freetype\ct_dsc\simulator\simulator\re\devanagari_render.obj
c:\work\k519\simulator\freetype\ct_dsc\simulator\simulator\re\dcw_fdlraster.obj
c:\work\k519\simulator\freetype\ct_dsc\simulator\simulator\re\dcw_fdlgrade.obj
c:\work\k519\simulator\freetype\ct_dsc\simulator\simulator\re\dcwvietnamese.obj
c:\work\k519\simulator\freetype\ct_dsc\simulator\simulator\re\dcwunicoderange.obj
c:\work\k519\simulator\freetype\ct_dsc\simulator\simulator\re\dcwthai.obj
c:\work\k519\simulator\freetype\ct_dsc\simulator\simulator\re\dcwlayout.obj
c:\work\k519\simulator\freetype\ct_dsc\simulator\simulator\re\dcwlatin.obj
c:\work\k519\simulator\freetype\ct_dsc\simulator\simulator\re\ftinit.obj
c:\work\k519\simulator\freetype\ct_dsc\simulator\simulator\re\ftgxval.obj
c:\work\k519\simulator\freetype\ct_dsc\simulator\simulator\re\ftglyph.obj
c:\work\k519\simulator\freetype\ct_dsc\simulator\simulator\re\ftgasp.obj
c:\work\k519\simulator\freetype\ct_dsc\simulator\simulator\re\ftfstype.obj
c:\work\k519\simulator\freetype\ct_dsc\simulator\simulator\re\ftfntfmt.obj
c:\work\k519\simulator\freetype\ct_dsc\simulator\simulator\re\ftdebug.obj
c:\work\k519\simulator\freetype\ct_dsc\simulator\simulator\re\ftdbgmem.obj
c:\work\k519\simulator\freetype\ct_dsc\simulator\simulator\re\ftcid.obj
c:\work\k519\simulator\freetype\ct_dsc\simulator\simulator\re\ftbitmap.obj
c:\work\k519\simulator\freetype\ct_dsc\simulator\simulator\re\ftbdf.obj
c:\work\k519\simulator\freetype\ct_dsc\simulator\simulator\re\ftbbox.obj
c:\work\k519\simulator\freetype\ct_dsc\simulator\simulator\re\ftbase.obj
c:\work\k519\simulator\freetype\ct_dsc\simulator\simulator\re\ftapi.obj
c:\work\k519\simulator\freetype\ct_dsc\simulator\simulator\re\basepic.obj
c:\work\k519\simulator\freetype\ct_dsc\simulator\simulator\re\autofit.obj
c:\work\k519\simulator\freetype\ct_dsc\simulator\simulator\re\freetype_wrapper.obj
c:\work\k519\simulator\freetype\ct_dsc\simulator\simulator\re\freetype_mono_ovg.obj
c:\work\k519\simulator\freetype\ct_dsc\simulator\simulator\re\freetype_api.obj
c:\work\k519\simulator\freetype\ct_dsc\simulator\simulator\re\fontapi.obj
c:\work\k519\simulator\freetype\ct_dsc\simulator\simulator\re\cffgload.obj
c:\work\k519\simulator\freetype\ct_dsc\simulator\simulator\re\cff.obj
c:\work\k519\simulator\freetype\ct_dsc\simulator\simulator\re\ftcmru.obj
c:\work\k519\simulator\freetype\ct_dsc\simulator\simulator\re\ftcache.obj
c:\work\k519\simulator\freetype\ct_dsc\simulator\simulator\re\ftbzip2.obj
c:\work\k519\simulator\freetype\ct_dsc\simulator\simulator\re\bdflib.obj
c:\work\k519\simulator\freetype\ct_dsc\simulator\simulator\re\bdf.obj
c:\work\k519\simulator\freetype\ct_dsc\simulator\simulator\re\md5.obj
c:\work\k519\simulator\freetype\ct_dsc\simulator\simulator\re\ftwinfnt.obj
c:\work\k519\simulator\freetype\ct_dsc\simulator\simulator\re\fttype1.obj
c:\work\k519\simulator\freetype\ct_dsc\simulator\simulator\re\ftsystem.obj
c:\work\k519\simulator\freetype\ct_dsc\simulator\simulator\re\ftsynth.obj
c:\work\k519\simulator\freetype\ct_dsc\simulator\simulator\re\ftstroke.obj
c:\work\k519\simulator\freetype\ct_dsc\simulator\simulator\re\ftpic.obj
c:\work\k519\simulator\freetype\ct_dsc\simulator\simulator\re\ftpfr.obj
c:\work\k519\simulator\freetype\ct_dsc\simulator\simulator\re\ftpatent.obj
c:\work\k519\simulator\freetype\ct_dsc\simulator\simulator\re\ftotval.obj
c:\work\k519\simulator\freetype\ct_dsc\simulator\simulator\re\ftmm.obj
c:\work\k519\simulator\freetype\ct_dsc\simulator\simulator\re\ftmac.obj
c:\work\k519\simulator\freetype\ct_dsc\simulator\simulator\re\ftlcdfil.obj
c:\work\k519\simulator\freetype\ct_dsc\simulator\simulator\re\pcf.obj
c:\work\k519\simulator\freetype\ct_dsc\simulator\simulator\re\otvmath.obj
c:\work\k519\simulator\freetype\ct_dsc\simulator\simulator\re\otvjstf.obj
c:\work\k519\simulator\freetype\ct_dsc\simulator\simulator\re\otvgsub.obj
c:\work\k519\simulator\freetype\ct_dsc\simulator\simulator\re\otvgpos.obj
c:\work\k519\simulator\freetype\ct_dsc\simulator\simulator\re\otvgdef.obj
c:\work\k519\simulator\freetype\ct_dsc\simulator\simulator\re\otvcommn.obj
c:\work\k519\simulator\freetype\ct_dsc\simulator\simulator\re\otvbase.obj
c:\work\k519\simulator\freetype\ct_dsc\simulator\simulator\re\otvalid.obj
c:\work\k519\simulator\freetype\ct_dsc\simulator\simulator\re\ftlzw.obj
c:\work\k519\simulator\freetype\ct_dsc\simulator\simulator\re\ftgzip.obj
c:\work\k519\simulator\freetype\ct_dsc\simulator\simulator\re\type1cid.obj
c:\work\k519\simulator\freetype\ct_dsc\simulator\simulator\re\cidparse.obj
c:\work\k519\simulator\freetype\ct_dsc\simulator\simulator\re\cidobjs.obj
c:\work\k519\simulator\freetype\ct_dsc\simulator\simulator\re\cidload.obj
c:\work\k519\simulator\freetype\ct_dsc\simulator\simulator\re\cidgload.obj
c:\work\k519\simulator\freetype\ct_dsc\simulator\simulator\re\cffpic.obj
c:\work\k519\simulator\freetype\ct_dsc\simulator\simulator\re\cffparse.obj
c:\work\k519\simulator\freetype\ct_dsc\simulator\simulator\re\cffobjs.obj
c:\work\k519\simulator\freetype\ct_dsc\simulator\simulator\re\cffload.obj
c:\work\k519\simulator\freetype\ct_dsc\simulator\simulator\re\t1decode.obj
c:\work\k519\simulator\freetype\ct_dsc\simulator\simulator\re\psstack.obj
c:\work\k519\simulator\freetype\ct_dsc\simulator\simulator\re\psread.obj
c:\work\k519\simulator\freetype\ct_dsc\simulator\simulator\re\psobjs.obj
c:\work\k519\simulator\freetype\ct_dsc\simulator\simulator\re\psintrp.obj
c:\work\k519\simulator\freetype\ct_dsc\simulator\simulator\re\pshints.obj
c:\work\k519\simulator\freetype\ct_dsc\simulator\simulator\re\psft.obj
c:\work\k519\simulator\freetype\ct_dsc\simulator\simulator\re\psfont.obj
c:\work\k519\simulator\freetype\ct_dsc\simulator\simulator\re\pserror.obj
c:\work\k519\simulator\freetype\ct_dsc\simulator\simulator\re\psconv.obj
c:\work\k519\simulator\freetype\ct_dsc\simulator\simulator\re\psblues.obj
c:\work\k519\simulator\freetype\ct_dsc\simulator\simulator\re\psaux.obj
c:\work\k519\simulator\freetype\ct_dsc\simulator\simulator\re\psarrst.obj
c:\work\k519\simulator\freetype\ct_dsc\simulator\simulator\re\cffdecode.obj
c:\work\k519\simulator\freetype\ct_dsc\simulator\simulator\re\afmparse.obj
c:\work\k519\simulator\freetype\ct_dsc\simulator\simulator\re\pfrsbit.obj
c:\work\k519\simulator\freetype\ct_dsc\simulator\simulator\re\pfrobjs.obj
c:\work\k519\simulator\freetype\ct_dsc\simulator\simulator\re\pfrload.obj
c:\work\k519\simulator\freetype\ct_dsc\simulator\simulator\re\pfrgload.obj
c:\work\k519\simulator\freetype\ct_dsc\simulator\simulator\re\pfr.obj
c:\work\k519\simulator\freetype\ct_dsc\simulator\simulator\re\truetype.obj
c:\work\k519\simulator\freetype\ct_dsc\simulator\simulator\re\smooth.obj
c:\work\k519\simulator\freetype\ct_dsc\simulator\simulator\re\ftspic.obj
c:\work\k519\simulator\freetype\ct_dsc\simulator\simulator\re\ttsbit.obj
c:\work\k519\simulator\freetype\ct_dsc\simulator\simulator\re\ttpost.obj
c:\work\k519\simulator\freetype\ct_dsc\simulator\simulator\re\ttmtx.obj
c:\work\k519\simulator\freetype\ct_dsc\simulator\simulator\re\ttload.obj
c:\work\k519\simulator\freetype\ct_dsc\simulator\simulator\re\ttkern.obj
c:\work\k519\simulator\freetype\ct_dsc\simulator\simulator\re\ttbdf.obj
c:\work\k519\simulator\freetype\ct_dsc\simulator\simulator\re\sfntpic.obj
c:\work\k519\simulator\freetype\ct_dsc\simulator\simulator\re\sfnt.obj
c:\work\k519\simulator\freetype\ct_dsc\simulator\simulator\re\pngshim.obj
c:\work\k519\simulator\freetype\ct_dsc\simulator\simulator\re\rastpic.obj
c:\work\k519\simulator\freetype\ct_dsc\simulator\simulator\re\raster.obj
c:\work\k519\simulator\freetype\ct_dsc\simulator\simulator\re\pspic.obj
c:\work\k519\simulator\freetype\ct_dsc\simulator\simulator\re\psmodule.obj
c:\work\k519\simulator\freetype\ct_dsc\simulator\simulator\re\pshrec.obj
c:\work\k519\simulator\freetype\ct_dsc\simulator\simulator\re\pshpic.obj
c:\work\k519\simulator\freetype\ct_dsc\simulator\simulator\re\pshinter.obj
c:\work\k519\simulator\freetype\ct_dsc\simulator\simulator\re\pshglob.obj
c:\work\k519\simulator\freetype\ct_dsc\simulator\simulator\re\win_itron3.obj
c:\work\k519\simulator\freetype\ct_dsc\simulator\simulator\re\utf_convert.obj
c:\work\k519\simulator\freetype\ct_dsc\simulator\simulator\re\mem_mng.obj
c:\work\k519\simulator\freetype\ct_dsc\simulator\simulator\re\geman_gui_sim.obj
c:\work\k519\simulator\freetype\ct_dsc\simulator\simulator\re\gdi_path.obj
c:\work\k519\simulator\freetype\ct_dsc\simulator\simulator\re\gdi_context.obj
c:\work\k519\simulator\freetype\ct_dsc\simulator\simulator\re\gdi_cache.obj
c:\work\k519\simulator\freetype\ct_dsc\simulator\simulator\re\gdi.obj
c:\work\k519\simulator\freetype\ct_dsc\simulator\simulator\re\winfnt.obj
c:\work\k519\simulator\freetype\ct_dsc\simulator\simulator\re\type42.obj
c:\work\k519\simulator\freetype\ct_dsc\simulator\simulator\re\t42parse.obj
c:\work\k519\simulator\freetype\ct_dsc\simulator\simulator\re\t42objs.obj
c:\work\k519\simulator\freetype\ct_dsc\simulator\simulator\re\type1.obj
c:\work\k519\simulator\freetype\ct_dsc\simulator\simulator\re\t1parse.obj
c:\work\k519\simulator\freetype\ct_dsc\simulator\simulator\re\t1objs.obj
c:\work\k519\simulator\freetype\ct_dsc\simulator\simulator\re\t1load.obj
c:\work\k519\simulator\freetype\ct_dsc\simulator\simulator\re\t1gload.obj
c:\work\k519\simulator\freetype\ct_dsc\simulator\simulator\re\t1afm.obj
c:\work\k519\simulator\freetype\ct_dsc\simulator\simulator\re\ttsubpix.obj
c:\work\k519\simulator\freetype\ct_dsc\simulator\simulator\re\ttpic.obj
c:\work\k519\simulator\freetype\ct_dsc\simulator\simulator\re\sp_string.obj
c:\work\k519\simulator\freetype\ct_dsc\simulator\simulator\re\sc_string.obj
c:\work\k519\simulator\freetype\ct_dsc\simulator\simulator\re\ru_string.obj
c:\work\k519\simulator\freetype\ct_dsc\simulator\simulator\re\pt_string.obj
c:\work\k519\simulator\freetype\ct_dsc\simulator\simulator\re\po_string.obj
c:\work\k519\simulator\freetype\ct_dsc\simulator\simulator\re\pe_string.obj
c:\work\k519\simulator\freetype\ct_dsc\simulator\simulator\re\ko_string.obj
c:\work\k519\simulator\freetype\ct_dsc\simulator\simulator\re\je_string.obj
c:\work\k519\simulator\freetype\ct_dsc\simulator\simulator\re\ja_string.obj
c:\work\k519\simulator\freetype\ct_dsc\simulator\simulator\re\it_string.obj
c:\work\k519\simulator\freetype\ct_dsc\simulator\simulator\re\hu_string.obj
c:\work\k519\simulator\freetype\ct_dsc\simulator\simulator\re\hi_string.obj
c:\work\k519\simulator\freetype\ct_dsc\simulator\simulator\re\ge_string.obj
c:\work\k519\simulator\freetype\ct_dsc\simulator\simulator\re\fr_string.obj
c:\work\k519\simulator\freetype\ct_dsc\simulator\simulator\re\en_string.obj
c:\work\k519\simulator\freetype\ct_dsc\simulator\simulator\re\du_string.obj
c:\work\k519\simulator\freetype\ct_dsc\simulator\simulator\re\cz_string.obj
c:\work\k519\simulator\freetype\ct_dsc\simulator\simulator\re\ca_string.obj
c:\work\k519\simulator\freetype\ct_dsc\simulator\simulator\re\ar_string.obj
c:\work\k519\simulator\freetype\ct_dsc\simulator\simulator\re\gdi_image.obj
c:\work\k519\simulator\freetype\ct_dsc\simulator\simulator\re\smdebugserial.obj
c:\work\k519\simulator\freetype\ct_dsc\simulator\simulator\re\us_string.obj
c:\work\k519\simulator\freetype\ct_dsc\simulator\simulator\re\ue_string.obj
c:\work\k519\simulator\freetype\ct_dsc\simulator\simulator\re\tw_string.obj
c:\work\k519\simulator\freetype\ct_dsc\simulator\simulator\re\tu_string.obj
c:\work\k519\simulator\freetype\ct_dsc\simulator\simulator\re\th_string.obj
c:\work\k519\simulator\freetype\ct_dsc\simulator\simulator\re\tc_string.obj
c:\work\k519\simulator\freetype\ct_dsc\simulator\simulator\re\sw_string.obj
c:\work\k519\simulator\freetype\ct_dsc\simulator\simulator\re\win_itron_main.obj
c:\work\k519\simulator\freetype\ct_dsc\simulator\simulator\re\win_itron4.obj
c:\work\k519\simulator\freetype\ct_dsc\simulator\simulator\re\kprintf.obj
c:\work\k519\simulator\freetype\ct_dsc\simulator\simulator\re\wi_variable_mempool.obj
c:\work\k519\simulator\freetype\ct_dsc\simulator\simulator\re\wi_task.obj
c:\work\k519\simulator\freetype\ct_dsc\simulator\simulator\re\wi_systemmgr.obj
c:\work\k519\simulator\freetype\ct_dsc\simulator\simulator\re\wi_semaphore.obj
c:\work\k519\simulator\freetype\ct_dsc\simulator\simulator\re\wi_rendezvous_port.obj
c:\work\k519\simulator\freetype\ct_dsc\simulator\simulator\re\wi_mutex.obj
c:\work\k519\simulator\freetype\ct_dsc\simulator\simulator\re\wi_message_buffer.obj
c:\work\k519\simulator\freetype\ct_dsc\simulator\simulator\re\wi_mail_box.obj
c:\work\k519\simulator\freetype\ct_dsc\simulator\simulator\re\wi_interrupt.obj
c:\work\k519\simulator\freetype\ct_dsc\simulator\simulator\re\wi_fixed_mempool.obj
c:\work\k519\simulator\freetype\ct_dsc\simulator\simulator\re\wi_event_flag.obj
c:\work\k519\simulator\freetype\ct_dsc\simulator\simulator\re\wi_data_queue.obj
c:\work\k519\simulator\freetype\ct_dsc\simulator\simulator\re\wi_cycle_handler.obj
c:\work\k519\simulator\freetype\ct_dsc\simulator\simulator\re\wi_common.obj
c:\work\k519\simulator\freetype\ct_dsc\simulator\simulator\re\wi_alarm_handler.obj
c:\work\k519\simulator\freetype\ct_dsc\simulator\simulator\re\.netframework,version=v4.0.assemblyattributes.obj
c:\work\k519\simulator\freetype\ct_dsc\simulator\simulator\re\.netframework,version=v4.0.assemblyattributes.asm
c:\work\k519\simulator\freetype\ct_dsc\simulator\simulator\re\app.res
c:\work\k519\simulator\freetype\ct_dsc\simulator\simulator\re\simulator.logo.resources
c:\work\k519\simulator\freetype\ct_dsc\simulator\simulator\re\simulator.movieform.resources
c:\work\k519\simulator\freetype\ct_dsc\simulator\re\simulator.lib
c:\work\k519\simulator\freetype\ct_dsc\simulator\re\simulator.exp
c:\src\ct_dscbase\simulator\simulator\re\simulator.vcxproj.generateresource.cache
c:\src\ct_dscbase\simulator\simulator\re\.netframework,version=v4.0.assemblyattributes.obj
c:\src\ct_dscbase\simulator\simulator\re\afmparse.obj
c:\src\ct_dscbase\simulator\simulator\re\aplobject.obj
c:\src\ct_dscbase\simulator\simulator\re\aplobserverparamservice.obj
c:\src\ct_dscbase\simulator\simulator\re\aplparamidstring.obj
c:\src\ct_dscbase\simulator\simulator\re\aplparammainexclusionfunc.obj
c:\src\ct_dscbase\simulator\simulator\re\aplparammainexclusionfunck460.obj
c:\src\ct_dscbase\simulator\simulator\re\aplparammainitemtypefunc.obj
c:\src\ct_dscbase\simulator\simulator\re\aplparammainitemtypefunck460.obj
c:\src\ct_dscbase\simulator\simulator\re\aplparammainitemtypefunck519.obj
c:\src\ct_dscbase\simulator\simulator\re\aplparammainvaluecheck.obj
c:\src\ct_dscbase\simulator\simulator\re\aplparamservice.obj
c:\src\ct_dscbase\simulator\simulator\re\ar_string.obj
c:\src\ct_dscbase\simulator\simulator\re\assemblyinfo.obj
c:\src\ct_dscbase\simulator\simulator\re\autofit.obj
c:\src\ct_dscbase\simulator\simulator\re\basepic.obj
c:\src\ct_dscbase\simulator\simulator\re\bdf.obj
c:\src\ct_dscbase\simulator\simulator\re\bdflib.obj
c:\src\ct_dscbase\simulator\simulator\re\bdf_raster.obj
c:\src\ct_dscbase\simulator\simulator\re\ca_string.obj
c:\src\ct_dscbase\simulator\simulator\re\cff.obj
c:\src\ct_dscbase\simulator\simulator\re\cffdecode.obj
c:\src\ct_dscbase\simulator\simulator\re\cffgload.obj
c:\src\ct_dscbase\simulator\simulator\re\cffload.obj
c:\src\ct_dscbase\simulator\simulator\re\cffobjs.obj
c:\src\ct_dscbase\simulator\simulator\re\cffparse.obj
c:\src\ct_dscbase\simulator\simulator\re\cffpic.obj
c:\src\ct_dscbase\simulator\simulator\re\cidgload.obj
c:\src\ct_dscbase\simulator\simulator\re\cidload.obj
c:\src\ct_dscbase\simulator\simulator\re\cidobjs.obj
c:\src\ct_dscbase\simulator\simulator\re\cidparse.obj
c:\src\ct_dscbase\simulator\simulator\re\ct2listview.obj
c:\src\ct_dscbase\simulator\simulator\re\ctaplparam.obj
c:\src\ct_dscbase\simulator\simulator\re\ctareasetting.obj
c:\src\ct_dscbase\simulator\simulator\re\ctareasettingconfirm.obj
c:\src\ct_dscbase\simulator\simulator\re\ctbuilderdialog.obj
c:\src\ct_dscbase\simulator\simulator\re\ctbuilderkeyboard.obj
c:\src\ct_dscbase\simulator\simulator\re\ctbutton.obj
c:\src\ct_dscbase\simulator\simulator\re\ctcachecontrol.obj
c:\src\ct_dscbase\simulator\simulator\re\ctcmdline.obj
c:\src\ct_dscbase\simulator\simulator\re\ctcolor.obj
c:\src\ct_dscbase\simulator\simulator\re\ctcontainer.obj
c:\src\ct_dscbase\simulator\simulator\re\ctcontainer2listmenu.obj
c:\src\ct_dscbase\simulator\simulator\re\ctcontainerbattery.obj
c:\src\ct_dscbase\simulator\simulator\re\ctcontainerbuttongroup.obj
c:\src\ct_dscbase\simulator\simulator\re\ctcontainercard.obj
c:\src\ct_dscbase\simulator\simulator\re\ctcontainercard1.obj
c:\src\ct_dscbase\simulator\simulator\re\ctcontainercard2.obj
c:\src\ct_dscbase\simulator\simulator\re\ctcontainercom.obj
c:\src\ct_dscbase\simulator\simulator\re\ctcontainerctrlbutton.obj
c:\src\ct_dscbase\simulator\simulator\re\ctcontainerdialog.obj
c:\src\ct_dscbase\simulator\simulator\re\ctcontainerfactdistination.obj
c:\src\ct_dscbase\simulator\simulator\re\ctcontainerfile.obj
c:\src\ct_dscbase\simulator\simulator\re\ctcontainerindicateframe.obj
c:\src\ct_dscbase\simulator\simulator\re\ctcontainerkeyboard.obj
c:\src\ct_dscbase\simulator\simulator\re\ctcontainerlevelbar.obj
c:\src\ct_dscbase\simulator\simulator\re\ctcontainermenu.obj
c:\src\ct_dscbase\simulator\simulator\re\ctcontainermenutitle.obj
c:\src\ct_dscbase\simulator\simulator\re\ctcontainermessage.obj
c:\src\ct_dscbase\simulator\simulator\re\ctcontainermml.obj
c:\src\ct_dscbase\simulator\simulator\re\ctcontainernetwork.obj
c:\src\ct_dscbase\simulator\simulator\re\ctcontainernetworkuser.obj
c:\src\ct_dscbase\simulator\simulator\re\ctcontainerplayviewprogress.obj
c:\src\ct_dscbase\simulator\simulator\re\ctcontainerspeciallabel.obj
c:\src\ct_dscbase\simulator\simulator\re\ctcontainerspinbox.obj
c:\src\ct_dscbase\simulator\simulator\re\ctcontainerspinboxfanc.obj
c:\src\ct_dscbase\simulator\simulator\re\ctcontainerspinboxspecial.obj
c:\src\ct_dscbase\simulator\simulator\re\ctcontainerthumbnailtitlebar.obj
c:\src\ct_dscbase\simulator\simulator\re\ctcontainertimestamp.obj
c:\src\ct_dscbase\simulator\simulator\re\ctcontainertoggledialog.obj
c:\src\ct_dscbase\simulator\simulator\re\ctcontainertoggledialog_clocksetting.obj
c:\src\ct_dscbase\simulator\simulator\re\ctcontainertoggledialog_tc.obj
c:\src\ct_dscbase\simulator\simulator\re\ctcontainertoggledialog_timezonesetting.obj
c:\src\ct_dscbase\simulator\simulator\re\ctcontainertoggledialog_ub.obj
c:\src\ct_dscbase\simulator\simulator\re\ctcontainervariablemenulist.obj
c:\src\ct_dscbase\simulator\simulator\re\ctcontainerwifi.obj
c:\src\ct_dscbase\simulator\simulator\re\ctctnrdatetime.obj
c:\src\ct_dscbase\simulator\simulator\re\ctdbgclipmanager.obj
c:\src\ct_dscbase\simulator\simulator\re\ctdbgcmndadapter.obj
c:\src\ct_dscbase\simulator\simulator\re\ctdbgcmndreceiver.obj
c:\src\ct_dscbase\simulator\simulator\re\ctdbgtask.obj
c:\src\ct_dscbase\simulator\simulator\re\ctdbgthumbnailfunc.obj
c:\src\ct_dscbase\simulator\simulator\re\ctdbgvarietyfunc.obj
c:\src\ct_dscbase\simulator\simulator\re\ctdbgwidgettree.obj
c:\src\ct_dscbase\simulator\simulator\re\ctdbgwindfuncregister.obj
c:\src\ct_dscbase\simulator\simulator\re\ctdebugprint.obj
c:\src\ct_dscbase\simulator\simulator\re\ctdraw.obj
c:\src\ct_dscbase\simulator\simulator\re\ctdrawcache.obj
c:\src\ct_dscbase\simulator\simulator\re\ctdrawinfo.obj
c:\src\ct_dscbase\simulator\simulator\re\ctdrawtask.obj
c:\src\ct_dscbase\simulator\simulator\re\ctevent.obj
c:\src\ct_dscbase\simulator\simulator\re\cteventhandler.obj
c:\src\ct_dscbase\simulator\simulator\re\cteventinterface.obj
c:\src\ct_dscbase\simulator\simulator\re\ctfactkeytestlabel.obj
c:\src\ct_dscbase\simulator\simulator\re\ctfactwindowdialog.obj
c:\src\ct_dscbase\simulator\simulator\re\ctfactwindowdispmessage.obj
c:\src\ct_dscbase\simulator\simulator\re\ctfactwindowdistresult.obj
c:\src\ct_dscbase\simulator\simulator\re\ctfactwindowfactory.obj
c:\src\ct_dscbase\simulator\simulator\re\ctfactwindowhourmeter.obj
c:\src\ct_dscbase\simulator\simulator\re\ctfactwindowinitialresult.obj
c:\src\ct_dscbase\simulator\simulator\re\ctfactwindowkeytest.obj
c:\src\ct_dscbase\simulator\simulator\re\ctfastcontaineraudiolevel.obj
c:\src\ct_dscbase\simulator\simulator\re\ctfastcontaineraudiolevel_home.obj
c:\src\ct_dscbase\simulator\simulator\re\ctfastcontaineraudiolevel_view.obj
c:\src\ct_dscbase\simulator\simulator\re\ctfastcontainerlevelgauge.obj
c:\src\ct_dscbase\simulator\simulator\re\ctfastcontainerlevelgaugel.obj
c:\src\ct_dscbase\simulator\simulator\re\ctfastcontainerlevelgauger.obj
c:\src\ct_dscbase\simulator\simulator\re\ctfastcontainertimecode.obj
c:\src\ct_dscbase\simulator\simulator\re\ctfastcounter.obj
c:\src\ct_dscbase\simulator\simulator\re\ctfastdrawcontainerfocus.obj
c:\src\ct_dscbase\simulator\simulator\re\ctfastdrawcontaineriris.obj
c:\src\ct_dscbase\simulator\simulator\re\ctfastdrawcontainerspotmeterval.obj
c:\src\ct_dscbase\simulator\simulator\re\ctfastdrawcontainertcgwarning.obj
c:\src\ct_dscbase\simulator\simulator\re\ctfastdrawcontainerzoom.obj
c:\src\ct_dscbase\simulator\simulator\re\ctfastobject.obj
c:\src\ct_dscbase\simulator\simulator\re\ctfileinfo.obj
c:\src\ct_dscbase\simulator\simulator\re\ctflash.obj
c:\src\ct_dscbase\simulator\simulator\re\ctfuncidstring.obj
c:\src\ct_dscbase\simulator\simulator\re\ctgridlayout.obj
c:\src\ct_dscbase\simulator\simulator\re\ctgridview.obj
c:\src\ct_dscbase\simulator\simulator\re\cthlayout.obj
c:\src\ct_dscbase\simulator\simulator\re\cticmanager.obj
c:\src\ct_dscbase\simulator\simulator\re\ctinterface.obj
c:\src\ct_dscbase\simulator\simulator\re\ctkeyboad.obj
c:\src\ct_dscbase\simulator\simulator\re\ctkeyboardinfo.obj
c:\src\ct_dscbase\simulator\simulator\re\ctkeytimer.obj
c:\src\ct_dscbase\simulator\simulator\re\ctlabel.obj
c:\src\ct_dscbase\simulator\simulator\re\ctlanguage.obj
c:\src\ct_dscbase\simulator\simulator\re\ctlayout.obj
c:\src\ct_dscbase\simulator\simulator\re\ctlinkbutton.obj
c:\src\ct_dscbase\simulator\simulator\re\ctlistcontainer.obj
c:\src\ct_dscbase\simulator\simulator\re\ctlistview.obj
c:\src\ct_dscbase\simulator\simulator\re\ctlogplayer.obj
c:\src\ct_dscbase\simulator\simulator\re\ctmaintask.obj
c:\src\ct_dscbase\simulator\simulator\re\ctmemory.obj
c:\src\ct_dscbase\simulator\simulator\re\ctmenubuilder.obj
c:\src\ct_dscbase\simulator\simulator\re\ctmenubutton.obj
c:\src\ct_dscbase\simulator\simulator\re\ctmenucheckbutton.obj
c:\src\ct_dscbase\simulator\simulator\re\ctmenuinfo.obj
c:\src\ct_dscbase\simulator\simulator\re\ctmenuinfodialog.obj
c:\src\ct_dscbase\simulator\simulator\re\ctmenuinfospinbox.obj
c:\src\ct_dscbase\simulator\simulator\re\ctmenuinfotoggledialog.obj
c:\src\ct_dscbase\simulator\simulator\re\ctmenulistview.obj
c:\src\ct_dscbase\simulator\simulator\re\ctmenuwindowfactory.obj
c:\src\ct_dscbase\simulator\simulator\re\ctmessageinfo.obj
c:\src\ct_dscbase\simulator\simulator\re\ctmessagewindowfactory.obj
c:\src\ct_dscbase\simulator\simulator\re\ctmmllayout.obj
c:\src\ct_dscbase\simulator\simulator\re\ctmodecheckaudio.obj
c:\src\ct_dscbase\simulator\simulator\re\ctmodecheckfunction.obj
c:\src\ct_dscbase\simulator\simulator\re\ctmodechecknetwork.obj
c:\src\ct_dscbase\simulator\simulator\re\ctmodecheckstatus.obj
c:\src\ct_dscbase\simulator\simulator\re\ctmodecheckswitch.obj
c:\src\ct_dscbase\simulator\simulator\re\ctmpldbg.obj
c:\src\ct_dscbase\simulator\simulator\re\ctmsg.obj
c:\src\ct_dscbase\simulator\simulator\re\ctmsgdbgcmnd.obj
c:\src\ct_dscbase\simulator\simulator\re\ctmsgdbgtask.obj
c:\src\ct_dscbase\simulator\simulator\re\ctmsgdrawtask.obj
c:\src\ct_dscbase\simulator\simulator\re\ctmsgmaintask.obj
c:\src\ct_dscbase\simulator\simulator\re\ctobject.obj
c:\src\ct_dscbase\simulator\simulator\re\ctobserverparamservice.obj
c:\src\ct_dscbase\simulator\simulator\re\ctparambox.obj
c:\src\ct_dscbase\simulator\simulator\re\ctparamcontents.obj
c:\src\ct_dscbase\simulator\simulator\re\ctparameterconvif.obj
c:\src\ct_dscbase\simulator\simulator\re\ctparamicon.obj
c:\src\ct_dscbase\simulator\simulator\re\ctparamlabel.obj
c:\src\ct_dscbase\simulator\simulator\re\ctplayview.obj
c:\src\ct_dscbase\simulator\simulator\re\ctreccontainerexpand.obj
c:\src\ct_dscbase\simulator\simulator\re\ctrectouchnavi.obj
c:\src\ct_dscbase\simulator\simulator\re\ctrecview2.obj
c:\src\ct_dscbase\simulator\simulator\re\ctrecviewcontainer.obj
c:\src\ct_dscbase\simulator\simulator\re\ctrecviewmodecheck.obj
c:\src\ct_dscbase\simulator\simulator\re\ctscrollbar.obj
c:\src\ct_dscbase\simulator\simulator\re\ctslidelabel.obj
c:\src\ct_dscbase\simulator\simulator\re\ctstacklabel.obj
c:\src\ct_dscbase\simulator\simulator\re\ctstyle.obj
c:\src\ct_dscbase\simulator\simulator\re\ctsynchro.obj
c:\src\ct_dscbase\simulator\simulator\re\ctsyseventtranslator.obj
c:\src\ct_dscbase\simulator\simulator\re\cttextfield.obj
c:\src\ct_dscbase\simulator\simulator\re\ctthumbbutton.obj
c:\src\ct_dscbase\simulator\simulator\re\ctthumbcache.obj
c:\src\ct_dscbase\simulator\simulator\re\ctthumbgridview.obj
c:\src\ct_dscbase\simulator\simulator\re\ctthumbinfo.obj
c:\src\ct_dscbase\simulator\simulator\re\ctthumbnaildialogconfirm.obj
c:\src\ct_dscbase\simulator\simulator\re\ctthumbnaildialogdelandcopy.obj
c:\src\ct_dscbase\simulator\simulator\re\ctthumbnaildialog_complete.obj
c:\src\ct_dscbase\simulator\simulator\re\cttimemesure.obj
c:\src\ct_dscbase\simulator\simulator\re\cttimer.obj
c:\src\ct_dscbase\simulator\simulator\re\cttimestamp.obj
c:\src\ct_dscbase\simulator\simulator\re\cttogglebutton.obj
c:\src\ct_dscbase\simulator\simulator\re\cttsinterface.obj
c:\src\ct_dscbase\simulator\simulator\re\ctviewplaymessage.obj
c:\src\ct_dscbase\simulator\simulator\re\ctvlayout.obj
c:\src\ct_dscbase\simulator\simulator\re\ctwidget.obj
c:\src\ct_dscbase\simulator\simulator\re\ctwidgetindicateframe.obj
c:\src\ct_dscbase\simulator\simulator\re\ctwindow.obj
c:\src\ct_dscbase\simulator\simulator\re\ctwindow2listmenu.obj
c:\src\ct_dscbase\simulator\simulator\re\ctwindowclipinfomation.obj
c:\src\ct_dscbase\simulator\simulator\re\ctwindowcontents.obj
c:\src\ct_dscbase\simulator\simulator\re\ctwindowcontentsapinfo.obj
c:\src\ct_dscbase\simulator\simulator\re\ctwindowcontentsareasettingconfirm.obj
c:\src\ct_dscbase\simulator\simulator\re\ctwindowcontentsclipinfo.obj
c:\src\ct_dscbase\simulator\simulator\re\ctwindowcontentsdialogparamset.obj
c:\src\ct_dscbase\simulator\simulator\re\ctwindowcontentsdispmessage.obj
c:\src\ct_dscbase\simulator\simulator\re\ctwindowcontentsdistresultinfo.obj
c:\src\ct_dscbase\simulator\simulator\re\ctwindowcontentsdrawthumb.obj
c:\src\ct_dscbase\simulator\simulator\re\ctwindowcontentsfactdistination.obj
c:\src\ct_dscbase\simulator\simulator\re\ctwindowcontentsfacthourmeter.obj
c:\src\ct_dscbase\simulator\simulator\re\ctwindowcontentsfactkey.obj
c:\src\ct_dscbase\simulator\simulator\re\ctwindowcontentsfacttouchadjust.obj
c:\src\ct_dscbase\simulator\simulator\re\ctwindowcontentsfileinfo.obj
c:\src\ct_dscbase\simulator\simulator\re\ctwindowcontentsinitialresult.obj
c:\src\ct_dscbase\simulator\simulator\re\ctwindowcontentsmenupos.obj
c:\src\ct_dscbase\simulator\simulator\re\ctwindowcontentsmessage.obj
c:\src\ct_dscbase\simulator\simulator\re\ctwindowcontentsnetworkinformation.obj
c:\src\ct_dscbase\simulator\simulator\re\ctwindowcontentsplaycontrolstate.obj
c:\src\ct_dscbase\simulator\simulator\re\ctwindowcontentspresslevel.obj
c:\src\ct_dscbase\simulator\simulator\re\ctwindowcontentsselectclipinfo.obj
c:\src\ct_dscbase\simulator\simulator\re\ctwindowcontentsselectsceneinfo.obj
c:\src\ct_dscbase\simulator\simulator\re\ctwindowcontentsthumb.obj
c:\src\ct_dscbase\simulator\simulator\re\ctwindowcontentsthumbconfirm.obj
c:\src\ct_dscbase\simulator\simulator\re\ctwindowcontentsthumbinit.obj
c:\src\ct_dscbase\simulator\simulator\re\ctwindowcontentsuserinfo.obj
c:\src\ct_dscbase\simulator\simulator\re\ctwindowcontentsversiondisp.obj
c:\src\ct_dscbase\simulator\simulator\re\ctwindowcontentswizardmessage.obj
c:\src\ct_dscbase\simulator\simulator\re\ctwindowcontroller.obj
c:\src\ct_dscbase\simulator\simulator\re\ctwindowdecorate.obj
c:\src\ct_dscbase\simulator\simulator\re\ctwindowfactory.obj
c:\src\ct_dscbase\simulator\simulator\re\ctwindowhome.obj
c:\src\ct_dscbase\simulator\simulator\re\ctwindowhome_audiotop.obj
c:\src\ct_dscbase\simulator\simulator\re\ctwindowhome_colortop.obj
c:\src\ct_dscbase\simulator\simulator\re\ctwindowhome_eitop.obj
c:\src\ct_dscbase\simulator\simulator\re\ctwindowhome_fpstop.obj
c:\src\ct_dscbase\simulator\simulator\re\ctwindowhome_shuttertop.obj
c:\src\ct_dscbase\simulator\simulator\re\ctwindowhome_wbtop.obj
c:\src\ct_dscbase\simulator\simulator\re\ctwindowidstring.obj
c:\src\ct_dscbase\simulator\simulator\re\ctwindowlist.obj
c:\src\ct_dscbase\simulator\simulator\re\ctwindowmain.obj
c:\src\ct_dscbase\simulator\simulator\re\ctwindowmenu.obj
c:\src\ct_dscbase\simulator\simulator\re\ctwindowthumbnail.obj
c:\src\ct_dscbase\simulator\simulator\re\ctwindowupdatecomplete.obj
c:\src\ct_dscbase\simulator\simulator\re\ctwindow_001.obj
c:\src\ct_dscbase\simulator\simulator\re\ctwindow_002.obj
c:\src\ct_dscbase\simulator\simulator\re\ctwindow_003.obj
c:\src\ct_dscbase\simulator\simulator\re\ctwindow_004.obj
c:\src\ct_dscbase\simulator\simulator\re\ctwindow_005.obj
c:\src\ct_dscbase\simulator\simulator\re\ctwindow_006.obj
c:\src\ct_dscbase\simulator\simulator\re\ctwindow_007.obj
c:\src\ct_dscbase\simulator\simulator\re\ctwindow_008.obj
c:\src\ct_dscbase\simulator\simulator\re\ctwindow_common_message.obj
c:\src\ct_dscbase\simulator\simulator\re\ctwindow_dialog.obj
c:\src\ct_dscbase\simulator\simulator\re\ctwindow_fact_distination.obj
c:\src\ct_dscbase\simulator\simulator\re\ctwindow_file.obj
c:\src\ct_dscbase\simulator\simulator\re\ctwindow_keyboard.obj
c:\src\ct_dscbase\simulator\simulator\re\ctwindow_message.obj
c:\src\ct_dscbase\simulator\simulator\re\ctwindow_network.obj
c:\src\ct_dscbase\simulator\simulator\re\ctwindow_network_info.obj
c:\src\ct_dscbase\simulator\simulator\re\ctwindow_network_user.obj
c:\src\ct_dscbase\simulator\simulator\re\ctwindow_scenelist.obj
c:\src\ct_dscbase\simulator\simulator\re\ctwindow_spinbox.obj
c:\src\ct_dscbase\simulator\simulator\re\ctwindow_toggledialog.obj
c:\src\ct_dscbase\simulator\simulator\re\ctworkwindowfactory.obj
c:\src\ct_dscbase\simulator\simulator\re\cz_string.obj
c:\src\ct_dscbase\simulator\simulator\re\dcw.obj
c:\src\ct_dscbase\simulator\simulator\re\dcwarabic.obj
c:\src\ct_dscbase\simulator\simulator\re\dcwbidi.obj
c:\src\ct_dscbase\simulator\simulator\re\dcwbidiclassdata.obj
c:\src\ct_dscbase\simulator\simulator\re\dcwbidimirroring.obj
c:\src\ct_dscbase\simulator\simulator\re\dcwcache.obj
c:\src\ct_dscbase\simulator\simulator\re\dcwdevanagari.obj
c:\src\ct_dscbase\simulator\simulator\re\dcwhebrew.obj
c:\src\ct_dscbase\simulator\simulator\re\dcwiconfont.obj
c:\src\ct_dscbase\simulator\simulator\re\dcwlatin.obj
c:\src\ct_dscbase\simulator\simulator\re\dcwlayout.obj
c:\src\ct_dscbase\simulator\simulator\re\dcwthai.obj
c:\src\ct_dscbase\simulator\simulator\re\dcwunicoderange.obj
c:\src\ct_dscbase\simulator\simulator\re\dcwvietnamese.obj
c:\src\ct_dscbase\simulator\simulator\re\dcw_fdlgrade.obj
c:\src\ct_dscbase\simulator\simulator\re\dcw_fdlraster.obj
c:\src\ct_dscbase\simulator\simulator\re\devanagari_render.obj
c:\src\ct_dscbase\simulator\simulator\re\dif_raster.obj
c:\src\ct_dscbase\simulator\simulator\re\digitype_oul.obj
c:\src\ct_dscbase\simulator\simulator\re\digitype_std.obj
c:\src\ct_dscbase\simulator\simulator\re\dtdigitype.obj
c:\src\ct_dscbase\simulator\simulator\re\dtmanager.obj
c:\src\ct_dscbase\simulator\simulator\re\dtmemory.obj
c:\src\ct_dscbase\simulator\simulator\re\dtplatform.obj
c:\src\ct_dscbase\simulator\simulator\re\dtversion.obj
c:\src\ct_dscbase\simulator\simulator\re\du_string.obj
c:\src\ct_dscbase\simulator\simulator\re\en_string.obj
c:\src\ct_dscbase\simulator\simulator\re\fontapi.obj
c:\src\ct_dscbase\simulator\simulator\re\freetype_api.obj
c:\src\ct_dscbase\simulator\simulator\re\freetype_mono_ovg.obj
c:\src\ct_dscbase\simulator\simulator\re\freetype_wrapper.obj
c:\src\ct_dscbase\simulator\simulator\re\fr_string.obj
c:\src\ct_dscbase\simulator\simulator\re\ftapi.obj
c:\src\ct_dscbase\simulator\simulator\re\ftbase.obj
c:\src\ct_dscbase\simulator\simulator\re\ftbbox.obj
c:\src\ct_dscbase\simulator\simulator\re\ftbdf.obj
c:\src\ct_dscbase\simulator\simulator\re\ftbitmap.obj
c:\src\ct_dscbase\simulator\simulator\re\ftbzip2.obj
c:\src\ct_dscbase\simulator\simulator\re\ftcache.obj
c:\src\ct_dscbase\simulator\simulator\re\ftcid.obj
c:\src\ct_dscbase\simulator\simulator\re\ftcmru.obj
c:\src\ct_dscbase\simulator\simulator\re\ftdbgmem.obj
c:\src\ct_dscbase\simulator\simulator\re\ftdebug.obj
c:\src\ct_dscbase\simulator\simulator\re\ftfntfmt.obj
c:\src\ct_dscbase\simulator\simulator\re\ftfstype.obj
c:\src\ct_dscbase\simulator\simulator\re\ftgasp.obj
c:\src\ct_dscbase\simulator\simulator\re\ftglyph.obj
c:\src\ct_dscbase\simulator\simulator\re\ftgxval.obj
c:\src\ct_dscbase\simulator\simulator\re\ftgzip.obj
c:\src\ct_dscbase\simulator\simulator\re\ftinit.obj
c:\src\ct_dscbase\simulator\simulator\re\ftlcdfil.obj
c:\src\ct_dscbase\simulator\simulator\re\ftlzw.obj
c:\src\ct_dscbase\simulator\simulator\re\ftmac.obj
c:\src\ct_dscbase\simulator\simulator\re\ftmm.obj
c:\src\ct_dscbase\simulator\simulator\re\ftotval.obj
c:\src\ct_dscbase\simulator\simulator\re\ftpatent.obj
c:\src\ct_dscbase\simulator\simulator\re\ftpfr.obj
c:\src\ct_dscbase\simulator\simulator\re\ftpic.obj
c:\src\ct_dscbase\simulator\simulator\re\ftspic.obj
c:\src\ct_dscbase\simulator\simulator\re\ftstroke.obj
c:\src\ct_dscbase\simulator\simulator\re\ftsynth.obj
c:\src\ct_dscbase\simulator\simulator\re\ftsystem.obj
c:\src\ct_dscbase\simulator\simulator\re\fttype1.obj
c:\src\ct_dscbase\simulator\simulator\re\ftwinfnt.obj
c:\src\ct_dscbase\simulator\simulator\re\gdi.obj
c:\src\ct_dscbase\simulator\simulator\re\gdi_cache.obj
c:\src\ct_dscbase\simulator\simulator\re\gdi_context.obj
c:\src\ct_dscbase\simulator\simulator\re\gdi_image.obj
c:\src\ct_dscbase\simulator\simulator\re\gdi_path.obj
c:\src\ct_dscbase\simulator\simulator\re\geman_gui_sim.obj
c:\src\ct_dscbase\simulator\simulator\re\ge_string.obj
c:\src\ct_dscbase\simulator\simulator\re\gui_timestamp_api.obj
c:\src\ct_dscbase\simulator\simulator\re\gui_timestamp_task.obj
c:\src\ct_dscbase\simulator\simulator\re\hi_string.obj
c:\src\ct_dscbase\simulator\simulator\re\hu_string.obj
c:\src\ct_dscbase\simulator\simulator\re\indic_common.obj
c:\src\ct_dscbase\simulator\simulator\re\indic_find_syllable.obj
c:\src\ct_dscbase\simulator\simulator\re\it_string.obj
c:\src\ct_dscbase\simulator\simulator\re\ja_string.obj
c:\src\ct_dscbase\simulator\simulator\re\je_string.obj
c:\src\ct_dscbase\simulator\simulator\re\ko_string.obj
c:\src\ct_dscbase\simulator\simulator\re\kprintf.obj
c:\src\ct_dscbase\simulator\simulator\re\language_string.obj
c:\src\ct_dscbase\simulator\simulator\re\logo.obj
c:\src\ct_dscbase\simulator\simulator\re\md5.obj
c:\src\ct_dscbase\simulator\simulator\re\mem_mng.obj
c:\src\ct_dscbase\simulator\simulator\re\otvalid.obj
c:\src\ct_dscbase\simulator\simulator\re\otvbase.obj
c:\src\ct_dscbase\simulator\simulator\re\otvcommn.obj
c:\src\ct_dscbase\simulator\simulator\re\otvgdef.obj
c:\src\ct_dscbase\simulator\simulator\re\otvgpos.obj
c:\src\ct_dscbase\simulator\simulator\re\otvgsub.obj
c:\src\ct_dscbase\simulator\simulator\re\otvjstf.obj
c:\src\ct_dscbase\simulator\simulator\re\otvmath.obj
c:\src\ct_dscbase\simulator\simulator\re\ovgdcw.obj
c:\src\ct_dscbase\simulator\simulator\re\ovgdcwfdlraster.obj
c:\src\ct_dscbase\simulator\simulator\re\pcf.obj
c:\src\ct_dscbase\simulator\simulator\re\pe_string.obj
c:\src\ct_dscbase\simulator\simulator\re\pfr.obj
c:\src\ct_dscbase\simulator\simulator\re\pfrgload.obj
c:\src\ct_dscbase\simulator\simulator\re\pfrload.obj
c:\src\ct_dscbase\simulator\simulator\re\pfrobjs.obj
c:\src\ct_dscbase\simulator\simulator\re\pfrsbit.obj
c:\src\ct_dscbase\simulator\simulator\re\pngshim.obj
c:\src\ct_dscbase\simulator\simulator\re\po_string.obj
c:\src\ct_dscbase\simulator\simulator\re\psarrst.obj
c:\src\ct_dscbase\simulator\simulator\re\psaux.obj
c:\src\ct_dscbase\simulator\simulator\re\psblues.obj
c:\src\ct_dscbase\simulator\simulator\re\psconv.obj
c:\src\ct_dscbase\simulator\simulator\re\pserror.obj
c:\src\ct_dscbase\simulator\simulator\re\psfont.obj
c:\src\ct_dscbase\simulator\simulator\re\psft.obj
c:\src\ct_dscbase\simulator\simulator\re\pshglob.obj
c:\src\ct_dscbase\simulator\simulator\re\pshinter.obj
c:\src\ct_dscbase\simulator\simulator\re\pshints.obj
c:\src\ct_dscbase\simulator\simulator\re\pshpic.obj
c:\src\ct_dscbase\simulator\simulator\re\pshrec.obj
c:\src\ct_dscbase\simulator\simulator\re\psintrp.obj
c:\src\ct_dscbase\simulator\simulator\re\psmodule.obj
c:\src\ct_dscbase\simulator\simulator\re\psobjs.obj
c:\src\ct_dscbase\simulator\simulator\re\pspic.obj
c:\src\ct_dscbase\simulator\simulator\re\psread.obj
c:\src\ct_dscbase\simulator\simulator\re\psstack.obj
c:\src\ct_dscbase\simulator\simulator\re\pt_string.obj
c:\src\ct_dscbase\simulator\simulator\re\raster.obj
c:\src\ct_dscbase\simulator\simulator\re\rastpic.obj
c:\src\ct_dscbase\simulator\simulator\re\ru_string.obj
c:\src\ct_dscbase\simulator\simulator\re\sc_string.obj
c:\src\ct_dscbase\simulator\simulator\re\sfnt.obj
c:\src\ct_dscbase\simulator\simulator\re\sfntpic.obj
c:\src\ct_dscbase\simulator\simulator\re\simulator.obj
c:\src\ct_dscbase\simulator\simulator\re\smdebugserial.obj
c:\src\ct_dscbase\simulator\simulator\re\smooth.obj
c:\src\ct_dscbase\simulator\simulator\re\sp_string.obj
c:\src\ct_dscbase\simulator\simulator\re\stdafx.obj
c:\src\ct_dscbase\simulator\simulator\re\string_api.obj
c:\src\ct_dscbase\simulator\simulator\re\sw_string.obj
c:\src\ct_dscbase\simulator\simulator\re\t1afm.obj
c:\src\ct_dscbase\simulator\simulator\re\t1decode.obj
c:\src\ct_dscbase\simulator\simulator\re\t1gload.obj
c:\src\ct_dscbase\simulator\simulator\re\t1load.obj
c:\src\ct_dscbase\simulator\simulator\re\t1objs.obj
c:\src\ct_dscbase\simulator\simulator\re\t1parse.obj
c:\src\ct_dscbase\simulator\simulator\re\t42objs.obj
c:\src\ct_dscbase\simulator\simulator\re\t42parse.obj
c:\src\ct_dscbase\simulator\simulator\re\tc_string.obj
c:\src\ct_dscbase\simulator\simulator\re\th_string.obj
c:\src\ct_dscbase\simulator\simulator\re\truetype.obj
c:\src\ct_dscbase\simulator\simulator\re\ttbdf.obj
c:\src\ct_dscbase\simulator\simulator\re\ttkern.obj
c:\src\ct_dscbase\simulator\simulator\re\ttload.obj
c:\src\ct_dscbase\simulator\simulator\re\ttmtx.obj
c:\src\ct_dscbase\simulator\simulator\re\ttpic.obj
c:\src\ct_dscbase\simulator\simulator\re\ttpost.obj
c:\src\ct_dscbase\simulator\simulator\re\ttsbit.obj
c:\src\ct_dscbase\simulator\simulator\re\ttsubpix.obj
c:\src\ct_dscbase\simulator\simulator\re\tu_string.obj
c:\src\ct_dscbase\simulator\simulator\re\tw_string.obj
c:\src\ct_dscbase\simulator\simulator\re\type1.obj
c:\src\ct_dscbase\simulator\simulator\re\type1cid.obj
c:\src\ct_dscbase\simulator\simulator\re\type42.obj
c:\src\ct_dscbase\simulator\simulator\re\ucs-big5-hei-w4-part.obj
c:\src\ct_dscbase\simulator\simulator\re\ucs-cns-arabic.obj
c:\src\ct_dscbase\simulator\simulator\re\ucs-cns-ascii500_sample.obj
c:\src\ct_dscbase\simulator\simulator\re\ucs-cns-hindi.obj
c:\src\ct_dscbase\simulator\simulator\re\ucs-cns-iwata-latin-part.obj
c:\src\ct_dscbase\simulator\simulator\re\ucs-cns-pud_w4_symbol_mix.obj
c:\src\ct_dscbase\simulator\simulator\re\ucs-cns-thai.obj
c:\src\ct_dscbase\simulator\simulator\re\ucs-gb-hei-w4-part.obj
c:\src\ct_dscbase\simulator\simulator\re\ucs-hangul-hei-w4-part.obj
c:\src\ct_dscbase\simulator\simulator\re\ucs-jis-hei-w4.obj
c:\src\ct_dscbase\simulator\simulator\re\ue_string.obj
c:\src\ct_dscbase\simulator\simulator\re\us_string.obj
c:\src\ct_dscbase\simulator\simulator\re\utf_convert.obj
c:\src\ct_dscbase\simulator\simulator\re\windrawtask.obj
c:\src\ct_dscbase\simulator\simulator\re\winfnt.obj
c:\src\ct_dscbase\simulator\simulator\re\win_itron3.obj
c:\src\ct_dscbase\simulator\simulator\re\win_itron4.obj
c:\src\ct_dscbase\simulator\simulator\re\win_itron_main.obj
c:\src\ct_dscbase\simulator\simulator\re\wi_alarm_handler.obj
c:\src\ct_dscbase\simulator\simulator\re\wi_common.obj
c:\src\ct_dscbase\simulator\simulator\re\wi_cycle_handler.obj
c:\src\ct_dscbase\simulator\simulator\re\wi_data_queue.obj
c:\src\ct_dscbase\simulator\simulator\re\wi_event_flag.obj
c:\src\ct_dscbase\simulator\simulator\re\wi_fixed_mempool.obj
c:\src\ct_dscbase\simulator\simulator\re\wi_interrupt.obj
c:\src\ct_dscbase\simulator\simulator\re\wi_mail_box.obj
c:\src\ct_dscbase\simulator\simulator\re\wi_message_buffer.obj
c:\src\ct_dscbase\simulator\simulator\re\wi_mutex.obj
c:\src\ct_dscbase\simulator\simulator\re\wi_rendezvous_port.obj
c:\src\ct_dscbase\simulator\simulator\re\wi_semaphore.obj
c:\src\ct_dscbase\simulator\simulator\re\wi_systemmgr.obj
c:\src\ct_dscbase\simulator\simulator\re\wi_task.obj
c:\src\ct_dscbase\simulator\simulator\re\wi_variable_mempool.obj
c:\src\ct_dscbase\simulator\simulator\re\wrapper.obj
c:\src\ct_dscbase\simulator\simulator\re\simulator.logo.resources
c:\src\ct_dscbase\simulator\simulator\re\simulator.movieform.resources
c:\src\ct_dscbase\simulator\simulator\re\app.res
c:\src\ct_dscbase\simulator\simulator\re\simulator.pch
c:\src\ct_dscbase\simulator\simulator\re\vc140.pdb
c:\src\ct_dscbase\simulator\re\simulator.pdb
c:\src\ct_dscbase\simulator\simulator\re\simulator.tlog\cl.command.1.tlog
c:\src\ct_dscbase\simulator\simulator\re\simulator.tlog\cl.read.1.tlog
c:\src\ct_dscbase\simulator\simulator\re\simulator.tlog\cl.write.1.tlog
c:\src\ct_dscbase\simulator\simulator\re\simulator.tlog\link.command.1.tlog
c:\src\ct_dscbase\simulator\simulator\re\simulator.tlog\link.read.1.tlog
c:\src\ct_dscbase\simulator\simulator\re\simulator.tlog\link.write.1.tlog
c:\src\ct_dscbase\simulator\simulator\re\simulator.tlog\metagen.read.1.tlog
c:\src\ct_dscbase\simulator\simulator\re\simulator.tlog\metagen.write.1.tlog
c:\src\ct_dscbase\simulator\simulator\re\simulator.tlog\rc.command.1.tlog
c:\src\ct_dscbase\simulator\simulator\re\simulator.tlog\rc.read.1.tlog
c:\src\ct_dscbase\simulator\simulator\re\simulator.tlog\rc.write.1.tlog
c:\src\ct_dscbase\simulator\simulator\re\simulator.tlog\simulator.write.1u.tlog
c:\src\ct_dscbase\simulator\simulator\re\simulator.tlog\tzres.dll.bi
