c:\work\k519\simulator\freetype\ct_dsc\simulator\simulator\release_amanithvg\simulator.pch
c:\work\k519\simulator\freetype\ct_dsc\simulator\simulator\release_amanithvg\vc140.pdb
c:\work\k519\simulator\freetype\ct_dsc\simulator\simulator\release_amanithvg\stdafx.obj
c:\work\k519\simulator\freetype\ct_dsc\simulator\simulator\release_amanithvg\cthlayout.obj
c:\work\k519\simulator\freetype\ct_dsc\simulator\simulator\release_amanithvg\ctgridview.obj
c:\work\k519\simulator\freetype\ct_dsc\simulator\simulator\release_amanithvg\ctgridlayout.obj
c:\work\k519\simulator\freetype\ct_dsc\simulator\simulator\release_amanithvg\cteventhandler.obj
c:\work\k519\simulator\freetype\ct_dsc\simulator\simulator\release_amanithvg\ctdrawinfo.obj
c:\work\k519\simulator\freetype\ct_dsc\simulator\simulator\release_amanithvg\ctcontainer.obj
c:\work\k519\simulator\freetype\ct_dsc\simulator\simulator\release_amanithvg\ctcolor.obj
c:\work\k519\simulator\freetype\ct_dsc\simulator\simulator\release_amanithvg\ctbutton.obj
c:\work\k519\simulator\freetype\ct_dsc\simulator\simulator\release_amanithvg\ct2listview.obj
c:\work\k519\simulator\freetype\ct_dsc\simulator\simulator\release_amanithvg\ctmsgdbgtask.obj
c:\work\k519\simulator\freetype\ct_dsc\simulator\simulator\release_amanithvg\ctmsgdbgcmnd.obj
c:\work\k519\simulator\freetype\ct_dsc\simulator\simulator\release_amanithvg\ctdbgwindfuncregister.obj
c:\work\k519\simulator\freetype\ct_dsc\simulator\simulator\release_amanithvg\ctdbgwidgettree.obj
c:\work\k519\simulator\freetype\ct_dsc\simulator\simulator\release_amanithvg\ctdbgvarietyfunc.obj
c:\work\k519\simulator\freetype\ct_dsc\simulator\simulator\release_amanithvg\ctdbgthumbnailfunc.obj
c:\work\k519\simulator\freetype\ct_dsc\simulator\simulator\release_amanithvg\ctdbgtask.obj
c:\work\k519\simulator\freetype\ct_dsc\simulator\simulator\release_amanithvg\ctdbgcmndreceiver.obj
c:\work\k519\simulator\freetype\ct_dsc\simulator\simulator\release_amanithvg\ctdbgcmndadapter.obj
c:\work\k519\simulator\freetype\ct_dsc\simulator\simulator\release_amanithvg\ctdbgclipmanager.obj
c:\work\k519\simulator\freetype\ct_dsc\simulator\simulator\release_amanithvg\ctdebugprint.obj
c:\work\k519\simulator\freetype\ct_dsc\simulator\simulator\release_amanithvg\ctwindow.obj
c:\work\k519\simulator\freetype\ct_dsc\simulator\simulator\release_amanithvg\ctwidget.obj
c:\work\k519\simulator\freetype\ct_dsc\simulator\simulator\release_amanithvg\ctvlayout.obj
c:\work\k519\simulator\freetype\ct_dsc\simulator\simulator\release_amanithvg\cttogglebutton.obj
c:\work\k519\simulator\freetype\ct_dsc\simulator\simulator\release_amanithvg\cttextfield.obj
c:\work\k519\simulator\freetype\ct_dsc\simulator\simulator\release_amanithvg\ctstyle.obj
c:\work\k519\simulator\freetype\ct_dsc\simulator\simulator\release_amanithvg\ctstacklabel.obj
c:\work\k519\simulator\freetype\ct_dsc\simulator\simulator\release_amanithvg\ctslidelabel.obj
c:\work\k519\simulator\freetype\ct_dsc\simulator\simulator\release_amanithvg\ctscrollbar.obj
c:\work\k519\simulator\freetype\ct_dsc\simulator\simulator\release_amanithvg\ctparamlabel.obj
c:\work\k519\simulator\freetype\ct_dsc\simulator\simulator\release_amanithvg\ctparamicon.obj
c:\work\k519\simulator\freetype\ct_dsc\simulator\simulator\release_amanithvg\ctparamcontents.obj
c:\work\k519\simulator\freetype\ct_dsc\simulator\simulator\release_amanithvg\ctparambox.obj
c:\work\k519\simulator\freetype\ct_dsc\simulator\simulator\release_amanithvg\ctmenulistview.obj
c:\work\k519\simulator\freetype\ct_dsc\simulator\simulator\release_amanithvg\ctmenucheckbutton.obj
c:\work\k519\simulator\freetype\ct_dsc\simulator\simulator\release_amanithvg\ctmenubutton.obj
c:\work\k519\simulator\freetype\ct_dsc\simulator\simulator\release_amanithvg\ctlistview.obj
c:\work\k519\simulator\freetype\ct_dsc\simulator\simulator\release_amanithvg\ctlinkbutton.obj
c:\work\k519\simulator\freetype\ct_dsc\simulator\simulator\release_amanithvg\ctlayout.obj
c:\work\k519\simulator\freetype\ct_dsc\simulator\simulator\release_amanithvg\ctlabel.obj
c:\work\k519\simulator\freetype\ct_dsc\simulator\simulator\release_amanithvg\ctfuncidstring.obj
c:\work\k519\simulator\freetype\ct_dsc\simulator\simulator\release_amanithvg\ctwidgetindicateframe.obj
c:\work\k519\simulator\freetype\ct_dsc\simulator\simulator\release_amanithvg\ctviewplaymessage.obj
c:\work\k519\simulator\freetype\ct_dsc\simulator\simulator\release_amanithvg\ctfastcontainertimecode.obj
c:\work\k519\simulator\freetype\ct_dsc\simulator\simulator\release_amanithvg\ctfastcontaineraudiolevel_view.obj
c:\work\k519\simulator\freetype\ct_dsc\simulator\simulator\release_amanithvg\ctfastcontaineraudiolevel_home.obj
c:\work\k519\simulator\freetype\ct_dsc\simulator\simulator\release_amanithvg\ctfastcontaineraudiolevel.obj
c:\work\k519\simulator\freetype\ct_dsc\simulator\simulator\release_amanithvg\ctcontainerwifi.obj
c:\work\k519\simulator\freetype\ct_dsc\simulator\simulator\release_amanithvg\ctcontainerindicateframe.obj
c:\work\k519\simulator\freetype\ct_dsc\simulator\simulator\release_amanithvg\ctcontainerctrlbutton.obj
c:\work\k519\simulator\freetype\ct_dsc\simulator\simulator\release_amanithvg\ctcontainercom.obj
c:\work\k519\simulator\freetype\ct_dsc\simulator\simulator\release_amanithvg\ctcontainercard2.obj
c:\work\k519\simulator\freetype\ct_dsc\simulator\simulator\release_amanithvg\ctcontainercard1.obj
c:\work\k519\simulator\freetype\ct_dsc\simulator\simulator\release_amanithvg\ctcontainercard.obj
c:\work\k519\simulator\freetype\ct_dsc\simulator\simulator\release_amanithvg\ctcontainerbattery.obj
c:\work\k519\simulator\freetype\ct_dsc\simulator\simulator\release_amanithvg\ctwindowcontentsareasettingconfirm.obj
c:\work\k519\simulator\freetype\ct_dsc\simulator\simulator\release_amanithvg\ctareasettingconfirm.obj
c:\work\k519\simulator\freetype\ct_dsc\simulator\simulator\release_amanithvg\ctareasetting.obj
c:\work\k519\simulator\freetype\ct_dsc\simulator\simulator\release_amanithvg\ctwindowmain.obj
c:\work\k519\simulator\freetype\ct_dsc\simulator\simulator\release_amanithvg\ctwindowcontents.obj
c:\work\k519\simulator\freetype\ct_dsc\simulator\simulator\release_amanithvg\ctcontainerfile.obj
c:\work\k519\simulator\freetype\ct_dsc\simulator\simulator\release_amanithvg\ctwindow_fact_distination.obj
c:\work\k519\simulator\freetype\ct_dsc\simulator\simulator\release_amanithvg\ctwindowcontentsinitialresult.obj
c:\work\k519\simulator\freetype\ct_dsc\simulator\simulator\release_amanithvg\ctwindowcontentsfacttouchadjust.obj
c:\work\k519\simulator\freetype\ct_dsc\simulator\simulator\release_amanithvg\ctwindowcontentsfactkey.obj
c:\work\k519\simulator\freetype\ct_dsc\simulator\simulator\release_amanithvg\ctwindowcontentsfacthourmeter.obj
c:\work\k519\simulator\freetype\ct_dsc\simulator\simulator\release_amanithvg\ctwindowcontentsfactdistination.obj
c:\work\k519\simulator\freetype\ct_dsc\simulator\simulator\release_amanithvg\ctwindowcontentsdistresultinfo.obj
c:\work\k519\simulator\freetype\ct_dsc\simulator\simulator\release_amanithvg\ctwindowcontentsdispmessage.obj
c:\work\k519\simulator\freetype\ct_dsc\simulator\simulator\release_amanithvg\ctfactwindowkeytest.obj
c:\work\k519\simulator\freetype\ct_dsc\simulator\simulator\release_amanithvg\ctfactwindowinitialresult.obj
c:\work\k519\simulator\freetype\ct_dsc\simulator\simulator\release_amanithvg\ctfactwindowhourmeter.obj
c:\work\k519\simulator\freetype\ct_dsc\simulator\simulator\release_amanithvg\ctfactwindowfactory.obj
c:\work\k519\simulator\freetype\ct_dsc\simulator\simulator\release_amanithvg\ctfactwindowdistresult.obj
c:\work\k519\simulator\freetype\ct_dsc\simulator\simulator\release_amanithvg\ctfactwindowdispmessage.obj
c:\work\k519\simulator\freetype\ct_dsc\simulator\simulator\release_amanithvg\ctfactwindowdialog.obj
c:\work\k519\simulator\freetype\ct_dsc\simulator\simulator\release_amanithvg\ctfactkeytestlabel.obj
c:\work\k519\simulator\freetype\ct_dsc\simulator\simulator\release_amanithvg\ctcontainerfactdistination.obj
c:\work\k519\simulator\freetype\ct_dsc\simulator\simulator\release_amanithvg\ctwindowidstring.obj
c:\work\k519\simulator\freetype\ct_dsc\simulator\simulator\release_amanithvg\ctwindowfactory.obj
c:\work\k519\simulator\freetype\ct_dsc\simulator\simulator\release_amanithvg\ctcontainerspeciallabel.obj
c:\work\k519\simulator\freetype\ct_dsc\simulator\simulator\release_amanithvg\ctcontainermenutitle.obj
c:\work\k519\simulator\freetype\ct_dsc\simulator\simulator\release_amanithvg\ctcontainermenu.obj
c:\work\k519\simulator\freetype\ct_dsc\simulator\simulator\release_amanithvg\ctwindow_keyboard.obj
c:\work\k519\simulator\freetype\ct_dsc\simulator\simulator\release_amanithvg\ctkeyboardinfo.obj
c:\work\k519\simulator\freetype\ct_dsc\simulator\simulator\release_amanithvg\ctcontainerkeyboard.obj
c:\work\k519\simulator\freetype\ct_dsc\simulator\simulator\release_amanithvg\ctbuilderkeyboard.obj
c:\work\k519\simulator\freetype\ct_dsc\simulator\simulator\release_amanithvg\ctwindowhome_wbtop.obj
c:\work\k519\simulator\freetype\ct_dsc\simulator\simulator\release_amanithvg\ctwindowhome_shuttertop.obj
c:\work\k519\simulator\freetype\ct_dsc\simulator\simulator\release_amanithvg\ctwindowhome_fpstop.obj
c:\work\k519\simulator\freetype\ct_dsc\simulator\simulator\release_amanithvg\ctwindowhome_eitop.obj
c:\work\k519\simulator\freetype\ct_dsc\simulator\simulator\release_amanithvg\ctwindowhome_colortop.obj
c:\work\k519\simulator\freetype\ct_dsc\simulator\simulator\release_amanithvg\ctwindowhome_audiotop.obj
c:\work\k519\simulator\freetype\ct_dsc\simulator\simulator\release_amanithvg\ctwindowhome.obj
c:\work\k519\simulator\freetype\ct_dsc\simulator\simulator\release_amanithvg\ctfastdrawcontainertcgwarning.obj
c:\work\k519\simulator\freetype\ct_dsc\simulator\simulator\release_amanithvg\ctwindow_scenelist.obj
c:\work\k519\simulator\freetype\ct_dsc\simulator\simulator\release_amanithvg\ctwindow_file.obj
c:\work\k519\simulator\freetype\ct_dsc\simulator\simulator\release_amanithvg\ctwindowcontentsselectsceneinfo.obj
c:\work\k519\simulator\freetype\ct_dsc\simulator\simulator\release_amanithvg\ctwindowcontentsfileinfo.obj
c:\work\k519\simulator\freetype\ct_dsc\simulator\simulator\release_amanithvg\ctfileinfo.obj
c:\work\k519\simulator\freetype\ct_dsc\simulator\simulator\release_amanithvg\ctwindowcontentspresslevel.obj
c:\work\k519\simulator\freetype\ct_dsc\simulator\simulator\release_amanithvg\ctmenuinfospinbox.obj
c:\work\k519\simulator\freetype\ct_dsc\simulator\simulator\release_amanithvg\ctcontainerspinboxspecial.obj
c:\work\k519\simulator\freetype\ct_dsc\simulator\simulator\release_amanithvg\ctcontainerspinboxfanc.obj
c:\work\k519\simulator\freetype\ct_dsc\simulator\simulator\release_amanithvg\ctcontainerspinbox.obj
c:\work\k519\simulator\freetype\ct_dsc\simulator\simulator\release_amanithvg\ctcontainerlevelbar.obj
c:\work\k519\simulator\freetype\ct_dsc\simulator\simulator\release_amanithvg\ctwindowupdatecomplete.obj
c:\work\k519\simulator\freetype\ct_dsc\simulator\simulator\release_amanithvg\ctwindow2listmenu.obj
c:\work\k519\simulator\freetype\ct_dsc\simulator\simulator\release_amanithvg\ctcontainer2listmenu.obj
c:\work\k519\simulator\freetype\ct_dsc\simulator\simulator\release_amanithvg\ctwindow_dialog.obj
c:\work\k519\simulator\freetype\ct_dsc\simulator\simulator\release_amanithvg\ctwindowcontentsversiondisp.obj
c:\work\k519\simulator\freetype\ct_dsc\simulator\simulator\release_amanithvg\ctmenuinfodialog.obj
c:\work\k519\simulator\freetype\ct_dsc\simulator\simulator\release_amanithvg\ctcontainerdialog.obj
c:\work\k519\simulator\freetype\ct_dsc\simulator\simulator\release_amanithvg\ctbuilderdialog.obj
c:\work\k519\simulator\freetype\ct_dsc\simulator\simulator\release_amanithvg\ctwindowmenu.obj
c:\work\k519\simulator\freetype\ct_dsc\simulator\simulator\release_amanithvg\ctwindowcontentsmenupos.obj
c:\work\k519\simulator\freetype\ct_dsc\simulator\simulator\release_amanithvg\ctmenuwindowfactory.obj
c:\work\k519\simulator\freetype\ct_dsc\simulator\simulator\release_amanithvg\ctmenuinfo.obj
c:\work\k519\simulator\freetype\ct_dsc\simulator\simulator\release_amanithvg\ctmenubuilder.obj
c:\work\k519\simulator\freetype\ct_dsc\simulator\simulator\release_amanithvg\ctcontainervariablemenulist.obj
c:\work\k519\simulator\freetype\ct_dsc\simulator\simulator\release_amanithvg\ctwindowcontentsnetworkinformation.obj
c:\work\k519\simulator\freetype\ct_dsc\simulator\simulator\release_amanithvg\ctwindowcontentsapinfo.obj
c:\work\k519\simulator\freetype\ct_dsc\simulator\simulator\release_amanithvg\ctcontainernetworkuser.obj
c:\work\k519\simulator\freetype\ct_dsc\simulator\simulator\release_amanithvg\ctcontainernetwork.obj
c:\work\k519\simulator\freetype\ct_dsc\simulator\simulator\release_amanithvg\ctwindow_message.obj
c:\work\k519\simulator\freetype\ct_dsc\simulator\simulator\release_amanithvg\ctwindow_common_message.obj
c:\work\k519\simulator\freetype\ct_dsc\simulator\simulator\release_amanithvg\ctwindowcontentswizardmessage.obj
c:\work\k519\simulator\freetype\ct_dsc\simulator\simulator\release_amanithvg\ctwindowcontentsmessage.obj
c:\work\k519\simulator\freetype\ct_dsc\simulator\simulator\release_amanithvg\ctwindowcontentsdialogparamset.obj
c:\work\k519\simulator\freetype\ct_dsc\simulator\simulator\release_amanithvg\ctmessagewindowfactory.obj
c:\work\k519\simulator\freetype\ct_dsc\simulator\simulator\release_amanithvg\ctmessageinfo.obj
c:\work\k519\simulator\freetype\ct_dsc\simulator\simulator\release_amanithvg\ctcontainermessage.obj
c:\work\k519\simulator\freetype\ct_dsc\simulator\simulator\release_amanithvg\ctwindow_toggledialog.obj
c:\work\k519\simulator\freetype\ct_dsc\simulator\simulator\release_amanithvg\ctmenuinfotoggledialog.obj
c:\work\k519\simulator\freetype\ct_dsc\simulator\simulator\release_amanithvg\ctcontainertoggledialog_ub.obj
c:\work\k519\simulator\freetype\ct_dsc\simulator\simulator\release_amanithvg\ctcontainertoggledialog_timezonesetting.obj
c:\work\k519\simulator\freetype\ct_dsc\simulator\simulator\release_amanithvg\ctcontainertoggledialog_tc.obj
c:\work\k519\simulator\freetype\ct_dsc\simulator\simulator\release_amanithvg\ctcontainertoggledialog_clocksetting.obj
c:\work\k519\simulator\freetype\ct_dsc\simulator\simulator\release_amanithvg\ctcontainertoggledialog.obj
c:\work\k519\simulator\freetype\ct_dsc\simulator\simulator\release_amanithvg\ctwindow_spinbox.obj
c:\work\k519\simulator\freetype\ct_dsc\simulator\simulator\release_amanithvg\ctmodecheckaudio.obj
c:\work\k519\simulator\freetype\ct_dsc\simulator\simulator\release_amanithvg\ctmmllayout.obj
c:\work\k519\simulator\freetype\ct_dsc\simulator\simulator\release_amanithvg\cticmanager.obj
c:\work\k519\simulator\freetype\ct_dsc\simulator\simulator\release_amanithvg\ctfastdrawcontainerzoom.obj
c:\work\k519\simulator\freetype\ct_dsc\simulator\simulator\release_amanithvg\ctfastdrawcontainerspotmeterval.obj
c:\work\k519\simulator\freetype\ct_dsc\simulator\simulator\release_amanithvg\ctfastdrawcontaineriris.obj
c:\work\k519\simulator\freetype\ct_dsc\simulator\simulator\release_amanithvg\ctfastdrawcontainerfocus.obj
c:\work\k519\simulator\freetype\ct_dsc\simulator\simulator\release_amanithvg\ctfastcontainerlevelgauger.obj
c:\work\k519\simulator\freetype\ct_dsc\simulator\simulator\release_amanithvg\ctfastcontainerlevelgaugel.obj
c:\work\k519\simulator\freetype\ct_dsc\simulator\simulator\release_amanithvg\ctfastcontainerlevelgauge.obj
c:\work\k519\simulator\freetype\ct_dsc\simulator\simulator\release_amanithvg\ctctnrdatetime.obj
c:\work\k519\simulator\freetype\ct_dsc\simulator\simulator\release_amanithvg\ctcontainermml.obj
c:\work\k519\simulator\freetype\ct_dsc\simulator\simulator\release_amanithvg\ctwindowcontentsplaycontrolstate.obj
c:\work\k519\simulator\freetype\ct_dsc\simulator\simulator\release_amanithvg\ctplayview.obj
c:\work\k519\simulator\freetype\ct_dsc\simulator\simulator\release_amanithvg\ctcontainerplayviewprogress.obj
c:\work\k519\simulator\freetype\ct_dsc\simulator\simulator\release_amanithvg\ctcontainerbuttongroup.obj
c:\work\k519\simulator\freetype\ct_dsc\simulator\simulator\release_amanithvg\ctwindow_network_user.obj
c:\work\k519\simulator\freetype\ct_dsc\simulator\simulator\release_amanithvg\ctwindow_network_info.obj
c:\work\k519\simulator\freetype\ct_dsc\simulator\simulator\release_amanithvg\ctwindow_network.obj
c:\work\k519\simulator\freetype\ct_dsc\simulator\simulator\release_amanithvg\ctwindowcontentsuserinfo.obj
c:\work\k519\simulator\freetype\ct_dsc\simulator\simulator\release_amanithvg\ctwindow_006.obj
c:\work\k519\simulator\freetype\ct_dsc\simulator\simulator\release_amanithvg\ctwindow_005.obj
c:\work\k519\simulator\freetype\ct_dsc\simulator\simulator\release_amanithvg\ctwindow_004.obj
c:\work\k519\simulator\freetype\ct_dsc\simulator\simulator\release_amanithvg\ctwindow_003.obj
c:\work\k519\simulator\freetype\ct_dsc\simulator\simulator\release_amanithvg\ctwindow_002.obj
c:\work\k519\simulator\freetype\ct_dsc\simulator\simulator\release_amanithvg\ctwindow_001.obj
c:\work\k519\simulator\freetype\ct_dsc\simulator\simulator\release_amanithvg\ctlistcontainer.obj
c:\work\k519\simulator\freetype\ct_dsc\simulator\simulator\release_amanithvg\ctkeyboad.obj
c:\work\k519\simulator\freetype\ct_dsc\simulator\simulator\release_amanithvg\ctfastcounter.obj
c:\work\k519\simulator\freetype\ct_dsc\simulator\simulator\release_amanithvg\ctcontainertimestamp.obj
c:\work\k519\simulator\freetype\ct_dsc\simulator\simulator\release_amanithvg\ctrecviewmodecheck.obj
c:\work\k519\simulator\freetype\ct_dsc\simulator\simulator\release_amanithvg\ctrecviewcontainer.obj
c:\work\k519\simulator\freetype\ct_dsc\simulator\simulator\release_amanithvg\ctrecview2.obj
c:\work\k519\simulator\freetype\ct_dsc\simulator\simulator\release_amanithvg\ctrectouchnavi.obj
c:\work\k519\simulator\freetype\ct_dsc\simulator\simulator\release_amanithvg\ctreccontainerexpand.obj
c:\work\k519\simulator\freetype\ct_dsc\simulator\simulator\release_amanithvg\ctparameterconvif.obj
c:\work\k519\simulator\freetype\ct_dsc\simulator\simulator\release_amanithvg\ctmodecheckswitch.obj
c:\work\k519\simulator\freetype\ct_dsc\simulator\simulator\release_amanithvg\ctmodecheckstatus.obj
c:\work\k519\simulator\freetype\ct_dsc\simulator\simulator\release_amanithvg\ctmodechecknetwork.obj
c:\work\k519\simulator\freetype\ct_dsc\simulator\simulator\release_amanithvg\ctmodecheckfunction.obj
c:\work\k519\simulator\freetype\ct_dsc\simulator\simulator\release_amanithvg\ctaplparam.obj
c:\work\k519\simulator\freetype\ct_dsc\simulator\simulator\release_amanithvg\ctwindowthumbnail.obj
c:\work\k519\simulator\freetype\ct_dsc\simulator\simulator\release_amanithvg\ctwindowcontentsthumbinit.obj
c:\work\k519\simulator\freetype\ct_dsc\simulator\simulator\release_amanithvg\ctwindowcontentsthumbconfirm.obj
c:\work\k519\simulator\freetype\ct_dsc\simulator\simulator\release_amanithvg\ctwindowcontentsthumb.obj
c:\work\k519\simulator\freetype\ct_dsc\simulator\simulator\release_amanithvg\ctwindowcontentsselectclipinfo.obj
c:\work\k519\simulator\freetype\ct_dsc\simulator\simulator\release_amanithvg\ctwindowcontentsdrawthumb.obj
c:\work\k519\simulator\freetype\ct_dsc\simulator\simulator\release_amanithvg\ctwindowcontentsclipinfo.obj
c:\work\k519\simulator\freetype\ct_dsc\simulator\simulator\release_amanithvg\ctwindowclipinfomation.obj
c:\work\k519\simulator\freetype\ct_dsc\simulator\simulator\release_amanithvg\ctthumbnaildialog_complete.obj
c:\work\k519\simulator\freetype\ct_dsc\simulator\simulator\release_amanithvg\ctthumbnaildialogdelandcopy.obj
c:\work\k519\simulator\freetype\ct_dsc\simulator\simulator\release_amanithvg\ctthumbnaildialogconfirm.obj
c:\work\k519\simulator\freetype\ct_dsc\simulator\simulator\release_amanithvg\ctthumbinfo.obj
c:\work\k519\simulator\freetype\ct_dsc\simulator\simulator\release_amanithvg\ctthumbgridview.obj
c:\work\k519\simulator\freetype\ct_dsc\simulator\simulator\release_amanithvg\ctthumbcache.obj
c:\work\k519\simulator\freetype\ct_dsc\simulator\simulator\release_amanithvg\ctthumbbutton.obj
c:\work\k519\simulator\freetype\ct_dsc\simulator\simulator\release_amanithvg\ctcontainerthumbnailtitlebar.obj
c:\work\k519\simulator\freetype\ct_dsc\simulator\simulator\release_amanithvg\ctworkwindowfactory.obj
c:\work\k519\simulator\freetype\ct_dsc\simulator\simulator\release_amanithvg\ctwindow_008.obj
c:\work\k519\simulator\freetype\ct_dsc\simulator\simulator\release_amanithvg\ctwindow_007.obj
c:\work\k519\simulator\freetype\ct_dsc\simulator\simulator\release_amanithvg\ctsynchro.obj
c:\work\k519\simulator\freetype\ct_dsc\simulator\simulator\release_amanithvg\ctobserverparamservice.obj
c:\work\k519\simulator\freetype\ct_dsc\simulator\simulator\release_amanithvg\ctobject.obj
c:\work\k519\simulator\freetype\ct_dsc\simulator\simulator\release_amanithvg\ctmsgmaintask.obj
c:\work\k519\simulator\freetype\ct_dsc\simulator\simulator\release_amanithvg\ctmsgdrawtask.obj
c:\work\k519\simulator\freetype\ct_dsc\simulator\simulator\release_amanithvg\ctmsg.obj
c:\work\k519\simulator\freetype\ct_dsc\simulator\simulator\release_amanithvg\ctmpldbg.obj
c:\work\k519\simulator\freetype\ct_dsc\simulator\simulator\release_amanithvg\ctmemory.obj
c:\work\k519\simulator\freetype\ct_dsc\simulator\simulator\release_amanithvg\ctmaintask.obj
c:\work\k519\simulator\freetype\ct_dsc\simulator\simulator\release_amanithvg\ctlanguage.obj
c:\work\k519\simulator\freetype\ct_dsc\simulator\simulator\release_amanithvg\ctkeytimer.obj
c:\work\k519\simulator\freetype\ct_dsc\simulator\simulator\release_amanithvg\ctinterface.obj
c:\work\k519\simulator\freetype\ct_dsc\simulator\simulator\release_amanithvg\ctflash.obj
c:\work\k519\simulator\freetype\ct_dsc\simulator\simulator\release_amanithvg\ctfastobject.obj
c:\work\k519\simulator\freetype\ct_dsc\simulator\simulator\release_amanithvg\cteventinterface.obj
c:\work\k519\simulator\freetype\ct_dsc\simulator\simulator\release_amanithvg\ctevent.obj
c:\work\k519\simulator\freetype\ct_dsc\simulator\simulator\release_amanithvg\ctdrawtask.obj
c:\work\k519\simulator\freetype\ct_dsc\simulator\simulator\release_amanithvg\ctdrawcache.obj
c:\work\k519\simulator\freetype\ct_dsc\simulator\simulator\release_amanithvg\ctdraw.obj
c:\work\k519\simulator\freetype\ct_dsc\simulator\simulator\release_amanithvg\ctcachecontrol.obj
c:\work\k519\simulator\freetype\ct_dsc\simulator\simulator\release_amanithvg\aplparammainitemtypefunc.obj
c:\work\k519\simulator\freetype\ct_dsc\simulator\simulator\release_amanithvg\aplparammainexclusionfunck460.obj
c:\work\k519\simulator\freetype\ct_dsc\simulator\simulator\release_amanithvg\aplparammainexclusionfunc.obj
c:\work\k519\simulator\freetype\ct_dsc\simulator\simulator\release_amanithvg\aplparamidstring.obj
c:\work\k519\simulator\freetype\ct_dsc\simulator\simulator\release_amanithvg\aplobserverparamservice.obj
c:\work\k519\simulator\freetype\ct_dsc\simulator\simulator\release_amanithvg\aplobject.obj
c:\work\k519\simulator\freetype\ct_dsc\simulator\simulator\release_amanithvg\simulator.obj
c:\work\k519\simulator\freetype\ct_dsc\simulator\simulator\release_amanithvg\logo.obj
c:\work\k519\simulator\freetype\ct_dsc\simulator\simulator\release_amanithvg\assemblyinfo.obj
c:\work\k519\simulator\freetype\ct_dsc\simulator\simulator\release_amanithvg\gui_timestamp_task.obj
c:\work\k519\simulator\freetype\ct_dsc\simulator\simulator\release_amanithvg\gui_timestamp_api.obj
c:\work\k519\simulator\freetype\ct_dsc\simulator\simulator\release_amanithvg\cttimestamp.obj
c:\work\k519\simulator\freetype\ct_dsc\simulator\simulator\release_amanithvg\gdi_image.obj
c:\work\k519\simulator\freetype\ct_dsc\simulator\simulator\release_amanithvg\ctwindowlist.obj
c:\work\k519\simulator\freetype\ct_dsc\simulator\simulator\release_amanithvg\ctwindowdecorate.obj
c:\work\k519\simulator\freetype\ct_dsc\simulator\simulator\release_amanithvg\ctwindowcontroller.obj
c:\work\k519\simulator\freetype\ct_dsc\simulator\simulator\release_amanithvg\cttsinterface.obj
c:\work\k519\simulator\freetype\ct_dsc\simulator\simulator\release_amanithvg\cttimer.obj
c:\work\k519\simulator\freetype\ct_dsc\simulator\simulator\release_amanithvg\cttimemesure.obj
c:\work\k519\simulator\freetype\ct_dsc\simulator\simulator\release_amanithvg\ctsyseventtranslator.obj
c:\work\k519\simulator\freetype\ct_dsc\simulator\simulator\release_amanithvg\wrapper.obj
c:\work\k519\simulator\freetype\ct_dsc\simulator\simulator\release_amanithvg\windrawtask.obj
c:\work\k519\simulator\freetype\ct_dsc\simulator\simulator\release_amanithvg\ctlogplayer.obj
c:\work\k519\simulator\freetype\ct_dsc\simulator\simulator\release_amanithvg\ctcmdline.obj
c:\work\k519\simulator\freetype\ct_dsc\simulator\simulator\release_amanithvg\aplparamservice.obj
c:\work\k519\simulator\freetype\ct_dsc\simulator\simulator\release_amanithvg\aplparammainvaluecheck.obj
c:\work\k519\simulator\freetype\ct_dsc\simulator\simulator\release_amanithvg\aplparammainitemtypefunck519.obj
c:\work\k519\simulator\freetype\ct_dsc\simulator\simulator\release_amanithvg\aplparammainitemtypefunck460.obj
c:\work\k519\simulator\freetype\ct_dsc\simulator\simulator\release_amanithvg\dcwhebrew.obj
c:\work\k519\simulator\freetype\ct_dsc\simulator\simulator\release_amanithvg\dcwdevanagari.obj
c:\work\k519\simulator\freetype\ct_dsc\simulator\simulator\release_amanithvg\dcwcache.obj
c:\work\k519\simulator\freetype\ct_dsc\simulator\simulator\release_amanithvg\dcwbidimirroring.obj
c:\work\k519\simulator\freetype\ct_dsc\simulator\simulator\release_amanithvg\dcwbidiclassdata.obj
c:\work\k519\simulator\freetype\ct_dsc\simulator\simulator\release_amanithvg\dcwbidi.obj
c:\work\k519\simulator\freetype\ct_dsc\simulator\simulator\release_amanithvg\dcwarabic.obj
c:\work\k519\simulator\freetype\ct_dsc\simulator\simulator\release_amanithvg\dcw.obj
c:\work\k519\simulator\freetype\ct_dsc\simulator\simulator\release_amanithvg\ucs-cns-pud_w4_symbol_mix.obj
c:\work\k519\simulator\freetype\ct_dsc\simulator\simulator\release_amanithvg\ucs-cns-iwata-latin-part.obj
c:\work\k519\simulator\freetype\ct_dsc\simulator\simulator\release_amanithvg\ucs-cns-ascii500_sample.obj
c:\work\k519\simulator\freetype\ct_dsc\simulator\simulator\release_amanithvg\dcwiconfont.obj
c:\work\k519\simulator\freetype\ct_dsc\simulator\simulator\release_amanithvg\ucs-jis-hei-w4.obj
c:\work\k519\simulator\freetype\ct_dsc\simulator\simulator\release_amanithvg\ucs-hangul-hei-w4-part.obj
c:\work\k519\simulator\freetype\ct_dsc\simulator\simulator\release_amanithvg\ucs-gb-hei-w4-part.obj
c:\work\k519\simulator\freetype\ct_dsc\simulator\simulator\release_amanithvg\ucs-cns-thai.obj
c:\work\k519\simulator\freetype\ct_dsc\simulator\simulator\release_amanithvg\ucs-cns-hindi.obj
c:\work\k519\simulator\freetype\ct_dsc\simulator\simulator\release_amanithvg\ucs-cns-arabic.obj
c:\work\k519\simulator\freetype\ct_dsc\simulator\simulator\release_amanithvg\ucs-big5-hei-w4-part.obj
c:\work\k519\simulator\freetype\ct_dsc\simulator\simulator\release_amanithvg\bdf_raster.obj
c:\work\k519\simulator\freetype\ct_dsc\simulator\simulator\release_amanithvg\ovgdcwfdlraster.obj
c:\work\k519\simulator\freetype\ct_dsc\simulator\simulator\release_amanithvg\ovgdcw.obj
c:\work\k519\simulator\freetype\ct_dsc\simulator\simulator\release_amanithvg\indic_find_syllable.obj
c:\work\k519\simulator\freetype\ct_dsc\simulator\simulator\release_amanithvg\indic_common.obj
c:\work\k519\simulator\freetype\ct_dsc\simulator\simulator\release_amanithvg\dtversion.obj
c:\work\k519\simulator\freetype\ct_dsc\simulator\simulator\release_amanithvg\dtplatform.obj
c:\work\k519\simulator\freetype\ct_dsc\simulator\simulator\release_amanithvg\dtmemory.obj
c:\work\k519\simulator\freetype\ct_dsc\simulator\simulator\release_amanithvg\dtmanager.obj
c:\work\k519\simulator\freetype\ct_dsc\simulator\simulator\release_amanithvg\dtdigitype.obj
c:\work\k519\simulator\freetype\ct_dsc\simulator\simulator\release_amanithvg\digitype_std.obj
c:\work\k519\simulator\freetype\ct_dsc\simulator\simulator\release_amanithvg\digitype_oul.obj
c:\work\k519\simulator\freetype\ct_dsc\simulator\simulator\release_amanithvg\dif_raster.obj
c:\work\k519\simulator\freetype\ct_dsc\simulator\simulator\release_amanithvg\devanagari_render.obj
c:\work\k519\simulator\freetype\ct_dsc\simulator\simulator\release_amanithvg\dcw_fdlraster.obj
c:\work\k519\simulator\freetype\ct_dsc\simulator\simulator\release_amanithvg\dcw_fdlgrade.obj
c:\work\k519\simulator\freetype\ct_dsc\simulator\simulator\release_amanithvg\dcwvietnamese.obj
c:\work\k519\simulator\freetype\ct_dsc\simulator\simulator\release_amanithvg\dcwunicoderange.obj
c:\work\k519\simulator\freetype\ct_dsc\simulator\simulator\release_amanithvg\dcwthai.obj
c:\work\k519\simulator\freetype\ct_dsc\simulator\simulator\release_amanithvg\dcwlayout.obj
c:\work\k519\simulator\freetype\ct_dsc\simulator\simulator\release_amanithvg\dcwlatin.obj
c:\work\k519\simulator\freetype\ct_dsc\simulator\simulator\release_amanithvg\wi_semaphore.obj
c:\work\k519\simulator\freetype\ct_dsc\simulator\simulator\release_amanithvg\wi_rendezvous_port.obj
c:\work\k519\simulator\freetype\ct_dsc\simulator\simulator\release_amanithvg\wi_mutex.obj
c:\work\k519\simulator\freetype\ct_dsc\simulator\simulator\release_amanithvg\wi_message_buffer.obj
c:\work\k519\simulator\freetype\ct_dsc\simulator\simulator\release_amanithvg\wi_mail_box.obj
c:\work\k519\simulator\freetype\ct_dsc\simulator\simulator\release_amanithvg\wi_interrupt.obj
c:\work\k519\simulator\freetype\ct_dsc\simulator\simulator\release_amanithvg\wi_fixed_mempool.obj
c:\work\k519\simulator\freetype\ct_dsc\simulator\simulator\release_amanithvg\wi_event_flag.obj
c:\work\k519\simulator\freetype\ct_dsc\simulator\simulator\release_amanithvg\wi_data_queue.obj
c:\work\k519\simulator\freetype\ct_dsc\simulator\simulator\release_amanithvg\wi_cycle_handler.obj
c:\work\k519\simulator\freetype\ct_dsc\simulator\simulator\release_amanithvg\wi_common.obj
c:\work\k519\simulator\freetype\ct_dsc\simulator\simulator\release_amanithvg\wi_alarm_handler.obj
c:\work\k519\simulator\freetype\ct_dsc\simulator\simulator\release_amanithvg\utf_convert.obj
c:\work\k519\simulator\freetype\ct_dsc\simulator\simulator\release_amanithvg\mem_mng.obj
c:\work\k519\simulator\freetype\ct_dsc\simulator\simulator\release_amanithvg\geman_gui_sim.obj
c:\work\k519\simulator\freetype\ct_dsc\simulator\simulator\release_amanithvg\gdi_path.obj
c:\work\k519\simulator\freetype\ct_dsc\simulator\simulator\release_amanithvg\gdi_context.obj
c:\work\k519\simulator\freetype\ct_dsc\simulator\simulator\release_amanithvg\gdi_cache.obj
c:\work\k519\simulator\freetype\ct_dsc\simulator\simulator\release_amanithvg\gdi.obj
c:\work\k519\simulator\freetype\ct_dsc\simulator\simulator\release_amanithvg\fontapi.obj
c:\work\k519\simulator\freetype\ct_dsc\simulator\simulator\release_amanithvg\win_itron_main.obj
c:\work\k519\simulator\freetype\ct_dsc\simulator\simulator\release_amanithvg\win_itron4.obj
c:\work\k519\simulator\freetype\ct_dsc\simulator\simulator\release_amanithvg\win_itron3.obj
c:\work\k519\simulator\freetype\ct_dsc\simulator\simulator\release_amanithvg\kprintf.obj
c:\work\k519\simulator\freetype\ct_dsc\simulator\simulator\release_amanithvg\wi_variable_mempool.obj
c:\work\k519\simulator\freetype\ct_dsc\simulator\simulator\release_amanithvg\wi_task.obj
c:\work\k519\simulator\freetype\ct_dsc\simulator\simulator\release_amanithvg\wi_systemmgr.obj
c:\src\ct_dscbase\simulator\simulator\release_amanithvg\aplobject.obj
c:\src\ct_dscbase\simulator\simulator\release_amanithvg\aplobserverparamservice.obj
c:\src\ct_dscbase\simulator\simulator\release_amanithvg\aplparamidstring.obj
c:\src\ct_dscbase\simulator\simulator\release_amanithvg\aplparammainexclusionfunc.obj
c:\src\ct_dscbase\simulator\simulator\release_amanithvg\aplparammainexclusionfunck460.obj
c:\src\ct_dscbase\simulator\simulator\release_amanithvg\aplparammainitemtypefunc.obj
c:\src\ct_dscbase\simulator\simulator\release_amanithvg\aplparammainitemtypefunck460.obj
c:\src\ct_dscbase\simulator\simulator\release_amanithvg\aplparammainitemtypefunck519.obj
c:\src\ct_dscbase\simulator\simulator\release_amanithvg\aplparammainvaluecheck.obj
c:\src\ct_dscbase\simulator\simulator\release_amanithvg\aplparamservice.obj
c:\src\ct_dscbase\simulator\simulator\release_amanithvg\assemblyinfo.obj
c:\src\ct_dscbase\simulator\simulator\release_amanithvg\bdf_raster.obj
c:\src\ct_dscbase\simulator\simulator\release_amanithvg\ct2listview.obj
c:\src\ct_dscbase\simulator\simulator\release_amanithvg\ctaplparam.obj
c:\src\ct_dscbase\simulator\simulator\release_amanithvg\ctareasetting.obj
c:\src\ct_dscbase\simulator\simulator\release_amanithvg\ctareasettingconfirm.obj
c:\src\ct_dscbase\simulator\simulator\release_amanithvg\ctbuilderdialog.obj
c:\src\ct_dscbase\simulator\simulator\release_amanithvg\ctbuilderkeyboard.obj
c:\src\ct_dscbase\simulator\simulator\release_amanithvg\ctbutton.obj
c:\src\ct_dscbase\simulator\simulator\release_amanithvg\ctcachecontrol.obj
c:\src\ct_dscbase\simulator\simulator\release_amanithvg\ctcmdline.obj
c:\src\ct_dscbase\simulator\simulator\release_amanithvg\ctcolor.obj
c:\src\ct_dscbase\simulator\simulator\release_amanithvg\ctcontainer.obj
c:\src\ct_dscbase\simulator\simulator\release_amanithvg\ctcontainer2listmenu.obj
c:\src\ct_dscbase\simulator\simulator\release_amanithvg\ctcontainerbattery.obj
c:\src\ct_dscbase\simulator\simulator\release_amanithvg\ctcontainerbuttongroup.obj
c:\src\ct_dscbase\simulator\simulator\release_amanithvg\ctcontainercard.obj
c:\src\ct_dscbase\simulator\simulator\release_amanithvg\ctcontainercard1.obj
c:\src\ct_dscbase\simulator\simulator\release_amanithvg\ctcontainercard2.obj
c:\src\ct_dscbase\simulator\simulator\release_amanithvg\ctcontainercom.obj
c:\src\ct_dscbase\simulator\simulator\release_amanithvg\ctcontainerctrlbutton.obj
c:\src\ct_dscbase\simulator\simulator\release_amanithvg\ctcontainerdialog.obj
c:\src\ct_dscbase\simulator\simulator\release_amanithvg\ctcontainerfactdistination.obj
c:\src\ct_dscbase\simulator\simulator\release_amanithvg\ctcontainerfile.obj
c:\src\ct_dscbase\simulator\simulator\release_amanithvg\ctcontainerindicateframe.obj
c:\src\ct_dscbase\simulator\simulator\release_amanithvg\ctcontainerkeyboard.obj
c:\src\ct_dscbase\simulator\simulator\release_amanithvg\ctcontainerlevelbar.obj
c:\src\ct_dscbase\simulator\simulator\release_amanithvg\ctcontainermenu.obj
c:\src\ct_dscbase\simulator\simulator\release_amanithvg\ctcontainermenutitle.obj
c:\src\ct_dscbase\simulator\simulator\release_amanithvg\ctcontainermessage.obj
c:\src\ct_dscbase\simulator\simulator\release_amanithvg\ctcontainermml.obj
c:\src\ct_dscbase\simulator\simulator\release_amanithvg\ctcontainernetwork.obj
c:\src\ct_dscbase\simulator\simulator\release_amanithvg\ctcontainernetworkuser.obj
c:\src\ct_dscbase\simulator\simulator\release_amanithvg\ctcontainerplayviewprogress.obj
c:\src\ct_dscbase\simulator\simulator\release_amanithvg\ctcontainerspeciallabel.obj
c:\src\ct_dscbase\simulator\simulator\release_amanithvg\ctcontainerspinbox.obj
c:\src\ct_dscbase\simulator\simulator\release_amanithvg\ctcontainerspinboxfanc.obj
c:\src\ct_dscbase\simulator\simulator\release_amanithvg\ctcontainerspinboxspecial.obj
c:\src\ct_dscbase\simulator\simulator\release_amanithvg\ctcontainerthumbnailtitlebar.obj
c:\src\ct_dscbase\simulator\simulator\release_amanithvg\ctcontainertimestamp.obj
c:\src\ct_dscbase\simulator\simulator\release_amanithvg\ctcontainertoggledialog.obj
c:\src\ct_dscbase\simulator\simulator\release_amanithvg\ctcontainertoggledialog_clocksetting.obj
c:\src\ct_dscbase\simulator\simulator\release_amanithvg\ctcontainertoggledialog_tc.obj
c:\src\ct_dscbase\simulator\simulator\release_amanithvg\ctcontainertoggledialog_timezonesetting.obj
c:\src\ct_dscbase\simulator\simulator\release_amanithvg\ctcontainertoggledialog_ub.obj
c:\src\ct_dscbase\simulator\simulator\release_amanithvg\ctcontainervariablemenulist.obj
c:\src\ct_dscbase\simulator\simulator\release_amanithvg\ctcontainerwifi.obj
c:\src\ct_dscbase\simulator\simulator\release_amanithvg\ctctnrdatetime.obj
c:\src\ct_dscbase\simulator\simulator\release_amanithvg\ctdbgclipmanager.obj
c:\src\ct_dscbase\simulator\simulator\release_amanithvg\ctdbgcmndadapter.obj
c:\src\ct_dscbase\simulator\simulator\release_amanithvg\ctdbgcmndreceiver.obj
c:\src\ct_dscbase\simulator\simulator\release_amanithvg\ctdbgtask.obj
c:\src\ct_dscbase\simulator\simulator\release_amanithvg\ctdbgthumbnailfunc.obj
c:\src\ct_dscbase\simulator\simulator\release_amanithvg\ctdbgvarietyfunc.obj
c:\src\ct_dscbase\simulator\simulator\release_amanithvg\ctdbgwidgettree.obj
c:\src\ct_dscbase\simulator\simulator\release_amanithvg\ctdbgwindfuncregister.obj
c:\src\ct_dscbase\simulator\simulator\release_amanithvg\ctdebugprint.obj
c:\src\ct_dscbase\simulator\simulator\release_amanithvg\ctdraw.obj
c:\src\ct_dscbase\simulator\simulator\release_amanithvg\ctdrawcache.obj
c:\src\ct_dscbase\simulator\simulator\release_amanithvg\ctdrawinfo.obj
c:\src\ct_dscbase\simulator\simulator\release_amanithvg\ctdrawtask.obj
c:\src\ct_dscbase\simulator\simulator\release_amanithvg\ctevent.obj
c:\src\ct_dscbase\simulator\simulator\release_amanithvg\cteventhandler.obj
c:\src\ct_dscbase\simulator\simulator\release_amanithvg\cteventinterface.obj
c:\src\ct_dscbase\simulator\simulator\release_amanithvg\ctfactkeytestlabel.obj
c:\src\ct_dscbase\simulator\simulator\release_amanithvg\ctfactwindowdialog.obj
c:\src\ct_dscbase\simulator\simulator\release_amanithvg\ctfactwindowdispmessage.obj
c:\src\ct_dscbase\simulator\simulator\release_amanithvg\ctfactwindowdistresult.obj
c:\src\ct_dscbase\simulator\simulator\release_amanithvg\ctfactwindowfactory.obj
c:\src\ct_dscbase\simulator\simulator\release_amanithvg\ctfactwindowhourmeter.obj
c:\src\ct_dscbase\simulator\simulator\release_amanithvg\ctfactwindowinitialresult.obj
c:\src\ct_dscbase\simulator\simulator\release_amanithvg\ctfactwindowkeytest.obj
c:\src\ct_dscbase\simulator\simulator\release_amanithvg\ctfastcontaineraudiolevel.obj
c:\src\ct_dscbase\simulator\simulator\release_amanithvg\ctfastcontaineraudiolevel_home.obj
c:\src\ct_dscbase\simulator\simulator\release_amanithvg\ctfastcontaineraudiolevel_view.obj
c:\src\ct_dscbase\simulator\simulator\release_amanithvg\ctfastcontainerlevelgauge.obj
c:\src\ct_dscbase\simulator\simulator\release_amanithvg\ctfastcontainerlevelgaugel.obj
c:\src\ct_dscbase\simulator\simulator\release_amanithvg\ctfastcontainerlevelgauger.obj
c:\src\ct_dscbase\simulator\simulator\release_amanithvg\ctfastcontainertimecode.obj
c:\src\ct_dscbase\simulator\simulator\release_amanithvg\ctfastcounter.obj
c:\src\ct_dscbase\simulator\simulator\release_amanithvg\ctfastdrawcontainerfocus.obj
c:\src\ct_dscbase\simulator\simulator\release_amanithvg\ctfastdrawcontaineriris.obj
c:\src\ct_dscbase\simulator\simulator\release_amanithvg\ctfastdrawcontainerspotmeterval.obj
c:\src\ct_dscbase\simulator\simulator\release_amanithvg\ctfastdrawcontainertcgwarning.obj
c:\src\ct_dscbase\simulator\simulator\release_amanithvg\ctfastdrawcontainerzoom.obj
c:\src\ct_dscbase\simulator\simulator\release_amanithvg\ctfastobject.obj
c:\src\ct_dscbase\simulator\simulator\release_amanithvg\ctfileinfo.obj
c:\src\ct_dscbase\simulator\simulator\release_amanithvg\ctflash.obj
c:\src\ct_dscbase\simulator\simulator\release_amanithvg\ctfuncidstring.obj
c:\src\ct_dscbase\simulator\simulator\release_amanithvg\ctgridlayout.obj
c:\src\ct_dscbase\simulator\simulator\release_amanithvg\ctgridview.obj
c:\src\ct_dscbase\simulator\simulator\release_amanithvg\cthlayout.obj
c:\src\ct_dscbase\simulator\simulator\release_amanithvg\cticmanager.obj
c:\src\ct_dscbase\simulator\simulator\release_amanithvg\ctinterface.obj
c:\src\ct_dscbase\simulator\simulator\release_amanithvg\ctkeyboad.obj
c:\src\ct_dscbase\simulator\simulator\release_amanithvg\ctkeyboardinfo.obj
c:\src\ct_dscbase\simulator\simulator\release_amanithvg\ctkeytimer.obj
c:\src\ct_dscbase\simulator\simulator\release_amanithvg\ctlabel.obj
c:\src\ct_dscbase\simulator\simulator\release_amanithvg\ctlanguage.obj
c:\src\ct_dscbase\simulator\simulator\release_amanithvg\ctlayout.obj
c:\src\ct_dscbase\simulator\simulator\release_amanithvg\ctlinkbutton.obj
c:\src\ct_dscbase\simulator\simulator\release_amanithvg\ctlistcontainer.obj
c:\src\ct_dscbase\simulator\simulator\release_amanithvg\ctlistview.obj
c:\src\ct_dscbase\simulator\simulator\release_amanithvg\ctlogplayer.obj
c:\src\ct_dscbase\simulator\simulator\release_amanithvg\ctmaintask.obj
c:\src\ct_dscbase\simulator\simulator\release_amanithvg\ctmemory.obj
c:\src\ct_dscbase\simulator\simulator\release_amanithvg\ctmenubuilder.obj
c:\src\ct_dscbase\simulator\simulator\release_amanithvg\ctmenubutton.obj
c:\src\ct_dscbase\simulator\simulator\release_amanithvg\ctmenucheckbutton.obj
c:\src\ct_dscbase\simulator\simulator\release_amanithvg\ctmenuinfo.obj
c:\src\ct_dscbase\simulator\simulator\release_amanithvg\ctmenuinfodialog.obj
c:\src\ct_dscbase\simulator\simulator\release_amanithvg\ctmenuinfospinbox.obj
c:\src\ct_dscbase\simulator\simulator\release_amanithvg\ctmenuinfotoggledialog.obj
c:\src\ct_dscbase\simulator\simulator\release_amanithvg\ctmenulistview.obj
c:\src\ct_dscbase\simulator\simulator\release_amanithvg\ctmenuwindowfactory.obj
c:\src\ct_dscbase\simulator\simulator\release_amanithvg\ctmessageinfo.obj
c:\src\ct_dscbase\simulator\simulator\release_amanithvg\ctmessagewindowfactory.obj
c:\src\ct_dscbase\simulator\simulator\release_amanithvg\ctmmllayout.obj
c:\src\ct_dscbase\simulator\simulator\release_amanithvg\ctmodecheckaudio.obj
c:\src\ct_dscbase\simulator\simulator\release_amanithvg\ctmodecheckfunction.obj
c:\src\ct_dscbase\simulator\simulator\release_amanithvg\ctmodechecknetwork.obj
c:\src\ct_dscbase\simulator\simulator\release_amanithvg\ctmodecheckstatus.obj
c:\src\ct_dscbase\simulator\simulator\release_amanithvg\ctmodecheckswitch.obj
c:\src\ct_dscbase\simulator\simulator\release_amanithvg\ctmpldbg.obj
c:\src\ct_dscbase\simulator\simulator\release_amanithvg\ctmsg.obj
c:\src\ct_dscbase\simulator\simulator\release_amanithvg\ctmsgdbgcmnd.obj
c:\src\ct_dscbase\simulator\simulator\release_amanithvg\ctmsgdbgtask.obj
c:\src\ct_dscbase\simulator\simulator\release_amanithvg\ctmsgdrawtask.obj
c:\src\ct_dscbase\simulator\simulator\release_amanithvg\ctmsgmaintask.obj
c:\src\ct_dscbase\simulator\simulator\release_amanithvg\ctobject.obj
c:\src\ct_dscbase\simulator\simulator\release_amanithvg\ctobserverparamservice.obj
c:\src\ct_dscbase\simulator\simulator\release_amanithvg\ctparambox.obj
c:\src\ct_dscbase\simulator\simulator\release_amanithvg\ctparamcontents.obj
c:\src\ct_dscbase\simulator\simulator\release_amanithvg\ctparameterconvif.obj
c:\src\ct_dscbase\simulator\simulator\release_amanithvg\ctparamicon.obj
c:\src\ct_dscbase\simulator\simulator\release_amanithvg\ctparamlabel.obj
c:\src\ct_dscbase\simulator\simulator\release_amanithvg\ctplayview.obj
c:\src\ct_dscbase\simulator\simulator\release_amanithvg\ctreccontainerexpand.obj
c:\src\ct_dscbase\simulator\simulator\release_amanithvg\ctrectouchnavi.obj
c:\src\ct_dscbase\simulator\simulator\release_amanithvg\ctrecview2.obj
c:\src\ct_dscbase\simulator\simulator\release_amanithvg\ctrecviewcontainer.obj
c:\src\ct_dscbase\simulator\simulator\release_amanithvg\ctrecviewmodecheck.obj
c:\src\ct_dscbase\simulator\simulator\release_amanithvg\ctscrollbar.obj
c:\src\ct_dscbase\simulator\simulator\release_amanithvg\ctslidelabel.obj
c:\src\ct_dscbase\simulator\simulator\release_amanithvg\ctstacklabel.obj
c:\src\ct_dscbase\simulator\simulator\release_amanithvg\ctstyle.obj
c:\src\ct_dscbase\simulator\simulator\release_amanithvg\ctsynchro.obj
c:\src\ct_dscbase\simulator\simulator\release_amanithvg\ctsyseventtranslator.obj
c:\src\ct_dscbase\simulator\simulator\release_amanithvg\cttextfield.obj
c:\src\ct_dscbase\simulator\simulator\release_amanithvg\ctthumbbutton.obj
c:\src\ct_dscbase\simulator\simulator\release_amanithvg\ctthumbcache.obj
c:\src\ct_dscbase\simulator\simulator\release_amanithvg\ctthumbgridview.obj
c:\src\ct_dscbase\simulator\simulator\release_amanithvg\ctthumbinfo.obj
c:\src\ct_dscbase\simulator\simulator\release_amanithvg\ctthumbnaildialogconfirm.obj
c:\src\ct_dscbase\simulator\simulator\release_amanithvg\ctthumbnaildialogdelandcopy.obj
c:\src\ct_dscbase\simulator\simulator\release_amanithvg\ctthumbnaildialog_complete.obj
c:\src\ct_dscbase\simulator\simulator\release_amanithvg\cttimemesure.obj
c:\src\ct_dscbase\simulator\simulator\release_amanithvg\cttimer.obj
c:\src\ct_dscbase\simulator\simulator\release_amanithvg\cttimestamp.obj
c:\src\ct_dscbase\simulator\simulator\release_amanithvg\cttogglebutton.obj
c:\src\ct_dscbase\simulator\simulator\release_amanithvg\cttsinterface.obj
c:\src\ct_dscbase\simulator\simulator\release_amanithvg\ctviewplaymessage.obj
c:\src\ct_dscbase\simulator\simulator\release_amanithvg\ctvlayout.obj
c:\src\ct_dscbase\simulator\simulator\release_amanithvg\ctwidget.obj
c:\src\ct_dscbase\simulator\simulator\release_amanithvg\ctwidgetindicateframe.obj
c:\src\ct_dscbase\simulator\simulator\release_amanithvg\ctwindow.obj
c:\src\ct_dscbase\simulator\simulator\release_amanithvg\ctwindow2listmenu.obj
c:\src\ct_dscbase\simulator\simulator\release_amanithvg\ctwindowclipinfomation.obj
c:\src\ct_dscbase\simulator\simulator\release_amanithvg\ctwindowcontents.obj
c:\src\ct_dscbase\simulator\simulator\release_amanithvg\ctwindowcontentsapinfo.obj
c:\src\ct_dscbase\simulator\simulator\release_amanithvg\ctwindowcontentsareasettingconfirm.obj
c:\src\ct_dscbase\simulator\simulator\release_amanithvg\ctwindowcontentsclipinfo.obj
c:\src\ct_dscbase\simulator\simulator\release_amanithvg\ctwindowcontentsdialogparamset.obj
c:\src\ct_dscbase\simulator\simulator\release_amanithvg\ctwindowcontentsdispmessage.obj
c:\src\ct_dscbase\simulator\simulator\release_amanithvg\ctwindowcontentsdistresultinfo.obj
c:\src\ct_dscbase\simulator\simulator\release_amanithvg\ctwindowcontentsdrawthumb.obj
c:\src\ct_dscbase\simulator\simulator\release_amanithvg\ctwindowcontentsfactdistination.obj
c:\src\ct_dscbase\simulator\simulator\release_amanithvg\ctwindowcontentsfacthourmeter.obj
c:\src\ct_dscbase\simulator\simulator\release_amanithvg\ctwindowcontentsfactkey.obj
c:\src\ct_dscbase\simulator\simulator\release_amanithvg\ctwindowcontentsfacttouchadjust.obj
c:\src\ct_dscbase\simulator\simulator\release_amanithvg\ctwindowcontentsfileinfo.obj
c:\src\ct_dscbase\simulator\simulator\release_amanithvg\ctwindowcontentsinitialresult.obj
c:\src\ct_dscbase\simulator\simulator\release_amanithvg\ctwindowcontentsmenupos.obj
c:\src\ct_dscbase\simulator\simulator\release_amanithvg\ctwindowcontentsmessage.obj
c:\src\ct_dscbase\simulator\simulator\release_amanithvg\ctwindowcontentsnetworkinformation.obj
c:\src\ct_dscbase\simulator\simulator\release_amanithvg\ctwindowcontentsplaycontrolstate.obj
c:\src\ct_dscbase\simulator\simulator\release_amanithvg\ctwindowcontentspresslevel.obj
c:\src\ct_dscbase\simulator\simulator\release_amanithvg\ctwindowcontentsselectclipinfo.obj
c:\src\ct_dscbase\simulator\simulator\release_amanithvg\ctwindowcontentsselectsceneinfo.obj
c:\src\ct_dscbase\simulator\simulator\release_amanithvg\ctwindowcontentsthumb.obj
c:\src\ct_dscbase\simulator\simulator\release_amanithvg\ctwindowcontentsthumbconfirm.obj
c:\src\ct_dscbase\simulator\simulator\release_amanithvg\ctwindowcontentsthumbinit.obj
c:\src\ct_dscbase\simulator\simulator\release_amanithvg\ctwindowcontentsuserinfo.obj
c:\src\ct_dscbase\simulator\simulator\release_amanithvg\ctwindowcontentsversiondisp.obj
c:\src\ct_dscbase\simulator\simulator\release_amanithvg\ctwindowcontentswizardmessage.obj
c:\src\ct_dscbase\simulator\simulator\release_amanithvg\ctwindowcontroller.obj
c:\src\ct_dscbase\simulator\simulator\release_amanithvg\ctwindowdecorate.obj
c:\src\ct_dscbase\simulator\simulator\release_amanithvg\ctwindowfactory.obj
c:\src\ct_dscbase\simulator\simulator\release_amanithvg\ctwindowhome.obj
c:\src\ct_dscbase\simulator\simulator\release_amanithvg\ctwindowhome_audiotop.obj
c:\src\ct_dscbase\simulator\simulator\release_amanithvg\ctwindowhome_colortop.obj
c:\src\ct_dscbase\simulator\simulator\release_amanithvg\ctwindowhome_eitop.obj
c:\src\ct_dscbase\simulator\simulator\release_amanithvg\ctwindowhome_fpstop.obj
c:\src\ct_dscbase\simulator\simulator\release_amanithvg\ctwindowhome_shuttertop.obj
c:\src\ct_dscbase\simulator\simulator\release_amanithvg\ctwindowhome_wbtop.obj
c:\src\ct_dscbase\simulator\simulator\release_amanithvg\ctwindowidstring.obj
c:\src\ct_dscbase\simulator\simulator\release_amanithvg\ctwindowlist.obj
c:\src\ct_dscbase\simulator\simulator\release_amanithvg\ctwindowmain.obj
c:\src\ct_dscbase\simulator\simulator\release_amanithvg\ctwindowmenu.obj
c:\src\ct_dscbase\simulator\simulator\release_amanithvg\ctwindowthumbnail.obj
c:\src\ct_dscbase\simulator\simulator\release_amanithvg\ctwindowupdatecomplete.obj
c:\src\ct_dscbase\simulator\simulator\release_amanithvg\ctwindow_001.obj
c:\src\ct_dscbase\simulator\simulator\release_amanithvg\ctwindow_002.obj
c:\src\ct_dscbase\simulator\simulator\release_amanithvg\ctwindow_003.obj
c:\src\ct_dscbase\simulator\simulator\release_amanithvg\ctwindow_004.obj
c:\src\ct_dscbase\simulator\simulator\release_amanithvg\ctwindow_005.obj
c:\src\ct_dscbase\simulator\simulator\release_amanithvg\ctwindow_006.obj
c:\src\ct_dscbase\simulator\simulator\release_amanithvg\ctwindow_007.obj
c:\src\ct_dscbase\simulator\simulator\release_amanithvg\ctwindow_008.obj
c:\src\ct_dscbase\simulator\simulator\release_amanithvg\ctwindow_common_message.obj
c:\src\ct_dscbase\simulator\simulator\release_amanithvg\ctwindow_dialog.obj
c:\src\ct_dscbase\simulator\simulator\release_amanithvg\ctwindow_fact_distination.obj
c:\src\ct_dscbase\simulator\simulator\release_amanithvg\ctwindow_file.obj
c:\src\ct_dscbase\simulator\simulator\release_amanithvg\ctwindow_keyboard.obj
c:\src\ct_dscbase\simulator\simulator\release_amanithvg\ctwindow_message.obj
c:\src\ct_dscbase\simulator\simulator\release_amanithvg\ctwindow_network.obj
c:\src\ct_dscbase\simulator\simulator\release_amanithvg\ctwindow_network_info.obj
c:\src\ct_dscbase\simulator\simulator\release_amanithvg\ctwindow_network_user.obj
c:\src\ct_dscbase\simulator\simulator\release_amanithvg\ctwindow_scenelist.obj
c:\src\ct_dscbase\simulator\simulator\release_amanithvg\ctwindow_spinbox.obj
c:\src\ct_dscbase\simulator\simulator\release_amanithvg\ctwindow_toggledialog.obj
c:\src\ct_dscbase\simulator\simulator\release_amanithvg\ctworkwindowfactory.obj
c:\src\ct_dscbase\simulator\simulator\release_amanithvg\dcw.obj
c:\src\ct_dscbase\simulator\simulator\release_amanithvg\dcwarabic.obj
c:\src\ct_dscbase\simulator\simulator\release_amanithvg\dcwbidi.obj
c:\src\ct_dscbase\simulator\simulator\release_amanithvg\dcwbidiclassdata.obj
c:\src\ct_dscbase\simulator\simulator\release_amanithvg\dcwbidimirroring.obj
c:\src\ct_dscbase\simulator\simulator\release_amanithvg\dcwcache.obj
c:\src\ct_dscbase\simulator\simulator\release_amanithvg\dcwdevanagari.obj
c:\src\ct_dscbase\simulator\simulator\release_amanithvg\dcwhebrew.obj
c:\src\ct_dscbase\simulator\simulator\release_amanithvg\dcwiconfont.obj
c:\src\ct_dscbase\simulator\simulator\release_amanithvg\dcwlatin.obj
c:\src\ct_dscbase\simulator\simulator\release_amanithvg\dcwlayout.obj
c:\src\ct_dscbase\simulator\simulator\release_amanithvg\dcwthai.obj
c:\src\ct_dscbase\simulator\simulator\release_amanithvg\dcwunicoderange.obj
c:\src\ct_dscbase\simulator\simulator\release_amanithvg\dcwvietnamese.obj
c:\src\ct_dscbase\simulator\simulator\release_amanithvg\dcw_fdlgrade.obj
c:\src\ct_dscbase\simulator\simulator\release_amanithvg\dcw_fdlraster.obj
c:\src\ct_dscbase\simulator\simulator\release_amanithvg\devanagari_render.obj
c:\src\ct_dscbase\simulator\simulator\release_amanithvg\dif_raster.obj
c:\src\ct_dscbase\simulator\simulator\release_amanithvg\digitype_oul.obj
c:\src\ct_dscbase\simulator\simulator\release_amanithvg\digitype_std.obj
c:\src\ct_dscbase\simulator\simulator\release_amanithvg\dtdigitype.obj
c:\src\ct_dscbase\simulator\simulator\release_amanithvg\dtmanager.obj
c:\src\ct_dscbase\simulator\simulator\release_amanithvg\dtmemory.obj
c:\src\ct_dscbase\simulator\simulator\release_amanithvg\dtplatform.obj
c:\src\ct_dscbase\simulator\simulator\release_amanithvg\dtversion.obj
c:\src\ct_dscbase\simulator\simulator\release_amanithvg\fontapi.obj
c:\src\ct_dscbase\simulator\simulator\release_amanithvg\gdi.obj
c:\src\ct_dscbase\simulator\simulator\release_amanithvg\gdi_cache.obj
c:\src\ct_dscbase\simulator\simulator\release_amanithvg\gdi_context.obj
c:\src\ct_dscbase\simulator\simulator\release_amanithvg\gdi_image.obj
c:\src\ct_dscbase\simulator\simulator\release_amanithvg\gdi_path.obj
c:\src\ct_dscbase\simulator\simulator\release_amanithvg\geman_gui_sim.obj
c:\src\ct_dscbase\simulator\simulator\release_amanithvg\gui_timestamp_api.obj
c:\src\ct_dscbase\simulator\simulator\release_amanithvg\gui_timestamp_task.obj
c:\src\ct_dscbase\simulator\simulator\release_amanithvg\indic_common.obj
c:\src\ct_dscbase\simulator\simulator\release_amanithvg\indic_find_syllable.obj
c:\src\ct_dscbase\simulator\simulator\release_amanithvg\kprintf.obj
c:\src\ct_dscbase\simulator\simulator\release_amanithvg\logo.obj
c:\src\ct_dscbase\simulator\simulator\release_amanithvg\mem_mng.obj
c:\src\ct_dscbase\simulator\simulator\release_amanithvg\ovgdcw.obj
c:\src\ct_dscbase\simulator\simulator\release_amanithvg\ovgdcwfdlraster.obj
c:\src\ct_dscbase\simulator\simulator\release_amanithvg\simulator.obj
c:\src\ct_dscbase\simulator\simulator\release_amanithvg\stdafx.obj
c:\src\ct_dscbase\simulator\simulator\release_amanithvg\ucs-big5-hei-w4-part.obj
c:\src\ct_dscbase\simulator\simulator\release_amanithvg\ucs-cns-arabic.obj
c:\src\ct_dscbase\simulator\simulator\release_amanithvg\ucs-cns-ascii500_sample.obj
c:\src\ct_dscbase\simulator\simulator\release_amanithvg\ucs-cns-hindi.obj
c:\src\ct_dscbase\simulator\simulator\release_amanithvg\ucs-cns-iwata-latin-part.obj
c:\src\ct_dscbase\simulator\simulator\release_amanithvg\ucs-cns-pud_w4_symbol_mix.obj
c:\src\ct_dscbase\simulator\simulator\release_amanithvg\ucs-cns-thai.obj
c:\src\ct_dscbase\simulator\simulator\release_amanithvg\ucs-gb-hei-w4-part.obj
c:\src\ct_dscbase\simulator\simulator\release_amanithvg\ucs-hangul-hei-w4-part.obj
c:\src\ct_dscbase\simulator\simulator\release_amanithvg\ucs-jis-hei-w4.obj
c:\src\ct_dscbase\simulator\simulator\release_amanithvg\utf_convert.obj
c:\src\ct_dscbase\simulator\simulator\release_amanithvg\windrawtask.obj
c:\src\ct_dscbase\simulator\simulator\release_amanithvg\win_itron3.obj
c:\src\ct_dscbase\simulator\simulator\release_amanithvg\win_itron4.obj
c:\src\ct_dscbase\simulator\simulator\release_amanithvg\win_itron_main.obj
c:\src\ct_dscbase\simulator\simulator\release_amanithvg\wi_alarm_handler.obj
c:\src\ct_dscbase\simulator\simulator\release_amanithvg\wi_common.obj
c:\src\ct_dscbase\simulator\simulator\release_amanithvg\wi_cycle_handler.obj
c:\src\ct_dscbase\simulator\simulator\release_amanithvg\wi_data_queue.obj
c:\src\ct_dscbase\simulator\simulator\release_amanithvg\wi_event_flag.obj
c:\src\ct_dscbase\simulator\simulator\release_amanithvg\wi_fixed_mempool.obj
c:\src\ct_dscbase\simulator\simulator\release_amanithvg\wi_interrupt.obj
c:\src\ct_dscbase\simulator\simulator\release_amanithvg\wi_mail_box.obj
c:\src\ct_dscbase\simulator\simulator\release_amanithvg\wi_message_buffer.obj
c:\src\ct_dscbase\simulator\simulator\release_amanithvg\wi_mutex.obj
c:\src\ct_dscbase\simulator\simulator\release_amanithvg\wi_rendezvous_port.obj
c:\src\ct_dscbase\simulator\simulator\release_amanithvg\wi_semaphore.obj
c:\src\ct_dscbase\simulator\simulator\release_amanithvg\wi_systemmgr.obj
c:\src\ct_dscbase\simulator\simulator\release_amanithvg\wi_task.obj
c:\src\ct_dscbase\simulator\simulator\release_amanithvg\wi_variable_mempool.obj
c:\src\ct_dscbase\simulator\simulator\release_amanithvg\wrapper.obj
c:\src\ct_dscbase\simulator\simulator\release_amanithvg\simulator.pch
c:\src\ct_dscbase\simulator\simulator\release_amanithvg\vc140.pdb
c:\src\ct_dscbase\simulator\release_amanithvg\simulator.pdb
c:\src\ct_dscbase\simulator\simulator\release_amanithvg\simulator.tlog\cl.command.1.tlog
c:\src\ct_dscbase\simulator\simulator\release_amanithvg\simulator.tlog\cl.read.1.tlog
c:\src\ct_dscbase\simulator\simulator\release_amanithvg\simulator.tlog\cl.write.1.tlog
c:\src\ct_dscbase\simulator\simulator\release_amanithvg\simulator.tlog\metagen.write.1.tlog
